2020-03-31 22:39:19.214 [ restartedMain ] - [ INFO  ] [ com.gujiangbo.application.Application : 50 ] - Starting Application on gujiangbodeMacBook-Pro.local with PID 17206 (/Users/gujiangbo/Project/webApp/target/classes started by gujiangbo in /Users/gujiangbo/Project/webApp)
2020-03-31 22:39:19.218 [ restartedMain ] - [ INFO  ] [ com.gujiangbo.application.Application : 650 ] - The following profiles are active: dev
2020-03-31 22:39:19.415 [ restartedMain ] - [ INFO  ] [ o.s.b.d.env.DevToolsPropertyDefaultsPostProcessor : 225 ] - Devtools property defaults active! Set 'spring.devtools.add-properties' to 'false' to disable
2020-03-31 22:39:19.416 [ restartedMain ] - [ INFO  ] [ o.s.b.d.env.DevToolsPropertyDefaultsPostProcessor : 225 ] - For additional web related logging consider setting the 'logging.level.web' property to 'DEBUG'
2020-03-31 22:39:21.787 [ restartedMain ] - [ INFO  ] [ o.s.boot.web.embedded.tomcat.TomcatWebServer : 90 ] - Tomcat initialized with port(s): 8080 (http)
2020-03-31 22:39:21.818 [ restartedMain ] - [ INFO  ] [ org.apache.coyote.http11.Http11NioProtocol : 173 ] - Initializing ProtocolHandler ["http-nio-8080"]
2020-03-31 22:39:21.836 [ restartedMain ] - [ INFO  ] [ org.apache.catalina.core.StandardService : 173 ] - Starting service [Tomcat]
2020-03-31 22:39:21.837 [ restartedMain ] - [ INFO  ] [ org.apache.catalina.core.StandardEngine : 173 ] - Starting Servlet engine: [Apache Tomcat/9.0.21]
2020-03-31 22:39:22.140 [ restartedMain ] - [ INFO  ] [ org.apache.jasper.servlet.TldScanner : 173 ] - At least one JAR was scanned for TLDs yet contained no TLDs. Enable debug logging for this logger for a complete list of JARs that were scanned but no TLDs were found in them. Skipping unneeded JARs during scanning can improve startup time and JSP compilation time.
2020-03-31 22:39:22.152 [ restartedMain ] - [ INFO  ] [ o.a.c.core.ContainerBase.[Tomcat].[localhost].[/] : 173 ] - Initializing Spring embedded WebApplicationContext
2020-03-31 22:39:22.153 [ restartedMain ] - [ INFO  ] [ org.springframework.web.context.ContextLoader : 283 ] - Root WebApplicationContext: initialization completed in 2737 ms
2020-03-31 22:39:23.060 [ restartedMain ] - [ INFO  ] [ o.s.scheduling.concurrent.ThreadPoolTaskExecutor : 171 ] - Initializing ExecutorService 'applicationTaskExecutor'
2020-03-31 22:39:23.262 [ restartedMain ] - [ WARN  ] [ o.s.b.a.t.ThymeleafAutoConfiguration$DefaultTemplateResolverConfiguration : 105 ] - Cannot find template location: classpath:/templates/ (please add some templates or check your Thymeleaf configuration)
2020-03-31 22:39:23.596 [ restartedMain ] - [ INFO  ] [ o.s.b.d.autoconfigure.OptionalLiveReloadServer : 57 ] - LiveReload server is running on port 35729
2020-03-31 22:39:23.640 [ restartedMain ] - [ INFO  ] [ org.apache.coyote.http11.Http11NioProtocol : 173 ] - Starting ProtocolHandler ["http-nio-8080"]
2020-03-31 22:39:23.685 [ restartedMain ] - [ INFO  ] [ o.s.boot.web.embedded.tomcat.TomcatWebServer : 202 ] - Tomcat started on port(s): 8080 (http) with context path ''
2020-03-31 22:39:23.691 [ restartedMain ] - [ INFO  ] [ com.gujiangbo.application.Application : 59 ] - Started Application in 5.539 seconds (JVM running for 6.312)
2020-03-31 22:39:23.694 [ restartedMain ] - [ INFO  ] [ com.gujiangbo.application.Application : 38 ] - =========system of webApp start info !============
2020-03-31 22:39:41.773 [ http-nio-8080-exec-2 ] - [ INFO  ] [ o.a.c.core.ContainerBase.[Tomcat].[localhost].[/] : 173 ] - Initializing Spring DispatcherServlet 'dispatcherServlet'
2020-03-31 22:39:41.776 [ http-nio-8080-exec-2 ] - [ INFO  ] [ org.springframework.web.servlet.DispatcherServlet : 524 ] - Initializing Servlet 'dispatcherServlet'
2020-03-31 22:39:41.870 [ http-nio-8080-exec-2 ] - [ INFO  ] [ org.springframework.web.servlet.DispatcherServlet : 546 ] - Completed initialization in 94 ms
2020-03-31 22:39:42.053 [ http-nio-8080-exec-2 ] - [ INFO  ] [ c.g.application.controller.SelectOrderController : 29 ] - 请求参数:{"orderId":"123123123123","sourceId":"03122"}
2020-03-31 22:39:42.453 [ http-nio-8080-exec-2 ] - [ INFO  ] [ c.g.a.m.service.impl.HttpNorthManageServiceImpl : 35 ] - 北向接口请求参数校验开始......
2020-03-31 22:39:42.483 [ http-nio-8080-exec-2 ] - [ INFO  ] [ com.gujiangbo.application.utils.SafeCheckUtils : 46 ] - 请求头部参数校验...
2020-03-31 22:39:42.868 [ http-nio-8080-exec-2 ] - [ INFO  ] [ c.g.a.m.service.impl.HttpNorthManageServiceImpl : 39 ] - 头部字段校验结果:{"returnCode":"000000","returnMsg":"请求头部校验成功"}
2020-03-31 22:39:42.870 [ http-nio-8080-exec-2 ] - [ INFO  ] [ c.g.a.m.service.impl.HttpNorthManageServiceImpl : 33 ] - 参数校验开始
2020-03-31 22:39:42.879 [ http-nio-8080-exec-2 ] - [ INFO  ] [ c.g.a.m.service.impl.HttpNorthManageServiceImpl : 60 ] - 参数校验结束
2020-03-31 22:39:42.901 [ http-nio-8080-exec-2 ] - [ INFO  ] [ c.g.a.m.service.impl.HttpNorthManageServiceImpl : 43 ] - 参数校验结果:[]
2020-03-31 22:39:42.938 [ http-nio-8080-exec-2 ] - [ INFO  ] [ c.g.a.service.Impl.SelectOrderServiceImpl : 28 ] - 开始执行数据查询......
2020-03-31 22:39:42.968 [ http-nio-8080-exec-2 ] - [ INFO  ] [ c.g.a.d.service.impl.OperateDataBaseServiceImpl : 30 ] - 数据查询请求参数:{"sourceId":"03122","orderId":"123123123123"}
2020-03-31 22:39:43.054 [ http-nio-8080-exec-2 ] - [ INFO  ] [ com.zaxxer.hikari.HikariDataSource : 110 ] - HikariPool-1 - Starting...
2020-03-31 22:39:43.940 [ http-nio-8080-exec-2 ] - [ INFO  ] [ com.zaxxer.hikari.HikariDataSource : 123 ] - HikariPool-1 - Start completed.
2020-03-31 22:39:44.236 [ http-nio-8080-exec-2 ] - [ INFO  ] [ c.g.a.service.Impl.SelectOrderServiceImpl : 45 ] - 数据查询结束......
2020-03-31 22:39:44.414 [ http-nio-8080-exec-2 ] - [ INFO  ] [ c.g.application.controller.SelectOrderController : 40 ] - 查询结果:{"list":[{"createTime":"2020-03-30 22:36:35.0","createUser":"gujiangbo","info":"","orderFactory":"上海卫生用品有限公司","orderId":"123123123123","orderName":"卫生纸","orderPrice":34.6,"sourceId":"03122","updateTime":"2020-03-30 22:36:35.0","updateUser":"gujiangbo"}],"returnCode":"000000","returnMsg":"成功"}
2020-03-31 22:41:19.606 [ http-nio-8080-exec-5 ] - [ INFO  ] [ c.g.application.controller.SelectOrderController : 29 ] - 请求参数:{"orderId":"123123123123","sourceId":"03122"}
2020-03-31 22:41:19.610 [ http-nio-8080-exec-5 ] - [ INFO  ] [ c.g.a.m.service.impl.HttpNorthManageServiceImpl : 35 ] - 北向接口请求参数校验开始......
2020-03-31 22:41:19.612 [ http-nio-8080-exec-5 ] - [ INFO  ] [ com.gujiangbo.application.utils.SafeCheckUtils : 46 ] - 请求头部参数校验...
2020-03-31 22:41:19.614 [ http-nio-8080-exec-5 ] - [ INFO  ] [ c.g.a.m.service.impl.HttpNorthManageServiceImpl : 39 ] - 头部字段校验结果:{"returnCode":"000000","returnMsg":"请求头部校验成功"}
2020-03-31 22:41:19.618 [ http-nio-8080-exec-5 ] - [ INFO  ] [ c.g.a.m.service.impl.HttpNorthManageServiceImpl : 33 ] - 参数校验开始
2020-03-31 22:41:19.620 [ http-nio-8080-exec-5 ] - [ INFO  ] [ c.g.a.m.service.impl.HttpNorthManageServiceImpl : 60 ] - 参数校验结束
2020-03-31 22:41:19.622 [ http-nio-8080-exec-5 ] - [ INFO  ] [ c.g.a.m.service.impl.HttpNorthManageServiceImpl : 43 ] - 参数校验结果:[]
2020-03-31 22:41:19.623 [ http-nio-8080-exec-5 ] - [ INFO  ] [ c.g.a.service.Impl.SelectOrderServiceImpl : 28 ] - 开始执行数据查询......
2020-03-31 22:41:19.623 [ http-nio-8080-exec-5 ] - [ INFO  ] [ c.g.a.d.service.impl.OperateDataBaseServiceImpl : 30 ] - 数据查询请求参数:{"sourceId":"03122","orderId":"123123123123"}
2020-03-31 22:41:19.635 [ http-nio-8080-exec-5 ] - [ INFO  ] [ c.g.a.service.Impl.SelectOrderServiceImpl : 45 ] - 数据查询结束......
2020-03-31 22:41:19.636 [ http-nio-8080-exec-5 ] - [ INFO  ] [ c.g.application.controller.SelectOrderController : 40 ] - 查询结果:{"list":[{"createTime":"2020-03-30 22:36:35.0","createUser":"gujiangbo","info":"","orderFactory":"上海卫生用品有限公司","orderId":"123123123123","orderName":"卫生纸","orderPrice":34.6,"sourceId":"03122","updateTime":"2020-03-30 22:36:35.0","updateUser":"gujiangbo"}],"returnCode":"000000","returnMsg":"成功"}
2020-03-31 22:41:20.814 [ http-nio-8080-exec-6 ] - [ INFO  ] [ c.g.application.controller.SelectOrderController : 29 ] - 请求参数:{"orderId":"123123123123","sourceId":"03122"}
2020-03-31 22:41:20.815 [ http-nio-8080-exec-6 ] - [ INFO  ] [ c.g.a.m.service.impl.HttpNorthManageServiceImpl : 35 ] - 北向接口请求参数校验开始......
2020-03-31 22:41:20.816 [ http-nio-8080-exec-6 ] - [ INFO  ] [ com.gujiangbo.application.utils.SafeCheckUtils : 46 ] - 请求头部参数校验...
2020-03-31 22:41:20.816 [ http-nio-8080-exec-6 ] - [ INFO  ] [ c.g.a.m.service.impl.HttpNorthManageServiceImpl : 39 ] - 头部字段校验结果:{"returnCode":"000000","returnMsg":"请求头部校验成功"}
2020-03-31 22:41:20.817 [ http-nio-8080-exec-6 ] - [ INFO  ] [ c.g.a.m.service.impl.HttpNorthManageServiceImpl : 33 ] - 参数校验开始
2020-03-31 22:41:20.819 [ http-nio-8080-exec-6 ] - [ INFO  ] [ c.g.a.m.service.impl.HttpNorthManageServiceImpl : 60 ] - 参数校验结束
2020-03-31 22:41:20.821 [ http-nio-8080-exec-6 ] - [ INFO  ] [ c.g.a.m.service.impl.HttpNorthManageServiceImpl : 43 ] - 参数校验结果:[]
2020-03-31 22:41:20.825 [ http-nio-8080-exec-6 ] - [ INFO  ] [ c.g.a.service.Impl.SelectOrderServiceImpl : 28 ] - 开始执行数据查询......
2020-03-31 22:41:20.828 [ http-nio-8080-exec-6 ] - [ INFO  ] [ c.g.a.d.service.impl.OperateDataBaseServiceImpl : 30 ] - 数据查询请求参数:{"sourceId":"03122","orderId":"123123123123"}
2020-03-31 22:41:20.837 [ http-nio-8080-exec-6 ] - [ INFO  ] [ c.g.a.service.Impl.SelectOrderServiceImpl : 45 ] - 数据查询结束......
2020-03-31 22:41:20.838 [ http-nio-8080-exec-6 ] - [ INFO  ] [ c.g.application.controller.SelectOrderController : 40 ] - 查询结果:{"list":[{"createTime":"2020-03-30 22:36:35.0","createUser":"gujiangbo","info":"","orderFactory":"上海卫生用品有限公司","orderId":"123123123123","orderName":"卫生纸","orderPrice":34.6,"sourceId":"03122","updateTime":"2020-03-30 22:36:35.0","updateUser":"gujiangbo"}],"returnCode":"000000","returnMsg":"成功"}
2020-03-31 22:41:21.720 [ http-nio-8080-exec-7 ] - [ INFO  ] [ c.g.application.controller.SelectOrderController : 29 ] - 请求参数:{"orderId":"123123123123","sourceId":"03122"}
2020-03-31 22:41:21.720 [ http-nio-8080-exec-7 ] - [ INFO  ] [ c.g.a.m.service.impl.HttpNorthManageServiceImpl : 35 ] - 北向接口请求参数校验开始......
2020-03-31 22:41:21.721 [ http-nio-8080-exec-7 ] - [ INFO  ] [ com.gujiangbo.application.utils.SafeCheckUtils : 46 ] - 请求头部参数校验...
2020-03-31 22:41:21.721 [ http-nio-8080-exec-7 ] - [ INFO  ] [ c.g.a.m.service.impl.HttpNorthManageServiceImpl : 39 ] - 头部字段校验结果:{"returnCode":"000000","returnMsg":"请求头部校验成功"}
2020-03-31 22:41:21.722 [ http-nio-8080-exec-7 ] - [ INFO  ] [ c.g.a.m.service.impl.HttpNorthManageServiceImpl : 33 ] - 参数校验开始
2020-03-31 22:41:21.724 [ http-nio-8080-exec-7 ] - [ INFO  ] [ c.g.a.m.service.impl.HttpNorthManageServiceImpl : 60 ] - 参数校验结束
2020-03-31 22:41:21.724 [ http-nio-8080-exec-7 ] - [ INFO  ] [ c.g.a.m.service.impl.HttpNorthManageServiceImpl : 43 ] - 参数校验结果:[]
2020-03-31 22:41:21.725 [ http-nio-8080-exec-7 ] - [ INFO  ] [ c.g.a.service.Impl.SelectOrderServiceImpl : 28 ] - 开始执行数据查询......
2020-03-31 22:41:21.725 [ http-nio-8080-exec-7 ] - [ INFO  ] [ c.g.a.d.service.impl.OperateDataBaseServiceImpl : 30 ] - 数据查询请求参数:{"sourceId":"03122","orderId":"123123123123"}
2020-03-31 22:41:21.778 [ http-nio-8080-exec-7 ] - [ INFO  ] [ c.g.a.service.Impl.SelectOrderServiceImpl : 45 ] - 数据查询结束......
2020-03-31 22:41:21.783 [ http-nio-8080-exec-7 ] - [ INFO  ] [ c.g.application.controller.SelectOrderController : 40 ] - 查询结果:{"list":[{"createTime":"2020-03-30 22:36:35.0","createUser":"gujiangbo","info":"","orderFactory":"上海卫生用品有限公司","orderId":"123123123123","orderName":"卫生纸","orderPrice":34.6,"sourceId":"03122","updateTime":"2020-03-30 22:36:35.0","updateUser":"gujiangbo"}],"returnCode":"000000","returnMsg":"成功"}
2020-03-31 22:41:22.592 [ http-nio-8080-exec-8 ] - [ INFO  ] [ c.g.application.controller.SelectOrderController : 29 ] - 请求参数:{"orderId":"123123123123","sourceId":"03122"}
2020-03-31 22:41:22.594 [ http-nio-8080-exec-8 ] - [ INFO  ] [ c.g.a.m.service.impl.HttpNorthManageServiceImpl : 35 ] - 北向接口请求参数校验开始......
2020-03-31 22:41:22.595 [ http-nio-8080-exec-8 ] - [ INFO  ] [ com.gujiangbo.application.utils.SafeCheckUtils : 46 ] - 请求头部参数校验...
2020-03-31 22:41:22.596 [ http-nio-8080-exec-8 ] - [ INFO  ] [ c.g.a.m.service.impl.HttpNorthManageServiceImpl : 39 ] - 头部字段校验结果:{"returnCode":"000000","returnMsg":"请求头部校验成功"}
2020-03-31 22:41:22.596 [ http-nio-8080-exec-8 ] - [ INFO  ] [ c.g.a.m.service.impl.HttpNorthManageServiceImpl : 33 ] - 参数校验开始
2020-03-31 22:41:22.597 [ http-nio-8080-exec-8 ] - [ INFO  ] [ c.g.a.m.service.impl.HttpNorthManageServiceImpl : 60 ] - 参数校验结束
2020-03-31 22:41:22.598 [ http-nio-8080-exec-8 ] - [ INFO  ] [ c.g.a.m.service.impl.HttpNorthManageServiceImpl : 43 ] - 参数校验结果:[]
2020-03-31 22:41:22.598 [ http-nio-8080-exec-8 ] - [ INFO  ] [ c.g.a.service.Impl.SelectOrderServiceImpl : 28 ] - 开始执行数据查询......
2020-03-31 22:41:22.599 [ http-nio-8080-exec-8 ] - [ INFO  ] [ c.g.a.d.service.impl.OperateDataBaseServiceImpl : 30 ] - 数据查询请求参数:{"sourceId":"03122","orderId":"123123123123"}
2020-03-31 22:41:22.608 [ http-nio-8080-exec-8 ] - [ INFO  ] [ c.g.a.service.Impl.SelectOrderServiceImpl : 45 ] - 数据查询结束......
2020-03-31 22:41:22.610 [ http-nio-8080-exec-8 ] - [ INFO  ] [ c.g.application.controller.SelectOrderController : 40 ] - 查询结果:{"list":[{"createTime":"2020-03-30 22:36:35.0","createUser":"gujiangbo","info":"","orderFactory":"上海卫生用品有限公司","orderId":"123123123123","orderName":"卫生纸","orderPrice":34.6,"sourceId":"03122","updateTime":"2020-03-30 22:36:35.0","updateUser":"gujiangbo"}],"returnCode":"000000","returnMsg":"成功"}
2020-03-31 22:41:23.457 [ http-nio-8080-exec-9 ] - [ INFO  ] [ c.g.application.controller.SelectOrderController : 29 ] - 请求参数:{"orderId":"123123123123","sourceId":"03122"}
2020-03-31 22:41:23.457 [ http-nio-8080-exec-9 ] - [ INFO  ] [ c.g.a.m.service.impl.HttpNorthManageServiceImpl : 35 ] - 北向接口请求参数校验开始......
2020-03-31 22:41:23.458 [ http-nio-8080-exec-9 ] - [ INFO  ] [ com.gujiangbo.application.utils.SafeCheckUtils : 46 ] - 请求头部参数校验...
2020-03-31 22:41:23.458 [ http-nio-8080-exec-9 ] - [ INFO  ] [ c.g.a.m.service.impl.HttpNorthManageServiceImpl : 39 ] - 头部字段校验结果:{"returnCode":"000000","returnMsg":"请求头部校验成功"}
2020-03-31 22:41:23.459 [ http-nio-8080-exec-9 ] - [ INFO  ] [ c.g.a.m.service.impl.HttpNorthManageServiceImpl : 33 ] - 参数校验开始
2020-03-31 22:41:23.459 [ http-nio-8080-exec-9 ] - [ INFO  ] [ c.g.a.m.service.impl.HttpNorthManageServiceImpl : 60 ] - 参数校验结束
2020-03-31 22:41:23.464 [ http-nio-8080-exec-9 ] - [ INFO  ] [ c.g.a.m.service.impl.HttpNorthManageServiceImpl : 43 ] - 参数校验结果:[]
2020-03-31 22:41:23.465 [ http-nio-8080-exec-9 ] - [ INFO  ] [ c.g.a.service.Impl.SelectOrderServiceImpl : 28 ] - 开始执行数据查询......
2020-03-31 22:41:23.466 [ http-nio-8080-exec-9 ] - [ INFO  ] [ c.g.a.d.service.impl.OperateDataBaseServiceImpl : 30 ] - 数据查询请求参数:{"sourceId":"03122","orderId":"123123123123"}
2020-03-31 22:41:23.473 [ http-nio-8080-exec-9 ] - [ INFO  ] [ c.g.a.service.Impl.SelectOrderServiceImpl : 45 ] - 数据查询结束......
2020-03-31 22:41:23.474 [ http-nio-8080-exec-9 ] - [ INFO  ] [ c.g.application.controller.SelectOrderController : 40 ] - 查询结果:{"list":[{"createTime":"2020-03-30 22:36:35.0","createUser":"gujiangbo","info":"","orderFactory":"上海卫生用品有限公司","orderId":"123123123123","orderName":"卫生纸","orderPrice":34.6,"sourceId":"03122","updateTime":"2020-03-30 22:36:35.0","updateUser":"gujiangbo"}],"returnCode":"000000","returnMsg":"成功"}
2020-03-31 22:41:24.292 [ http-nio-8080-exec-10 ] - [ INFO  ] [ c.g.application.controller.SelectOrderController : 29 ] - 请求参数:{"orderId":"123123123123","sourceId":"03122"}
2020-03-31 22:41:24.292 [ http-nio-8080-exec-10 ] - [ INFO  ] [ c.g.a.m.service.impl.HttpNorthManageServiceImpl : 35 ] - 北向接口请求参数校验开始......
2020-03-31 22:41:24.293 [ http-nio-8080-exec-10 ] - [ INFO  ] [ com.gujiangbo.application.utils.SafeCheckUtils : 46 ] - 请求头部参数校验...
2020-03-31 22:41:24.293 [ http-nio-8080-exec-10 ] - [ INFO  ] [ c.g.a.m.service.impl.HttpNorthManageServiceImpl : 39 ] - 头部字段校验结果:{"returnCode":"000000","returnMsg":"请求头部校验成功"}
2020-03-31 22:41:24.294 [ http-nio-8080-exec-10 ] - [ INFO  ] [ c.g.a.m.service.impl.HttpNorthManageServiceImpl : 33 ] - 参数校验开始
2020-03-31 22:41:24.294 [ http-nio-8080-exec-10 ] - [ INFO  ] [ c.g.a.m.service.impl.HttpNorthManageServiceImpl : 60 ] - 参数校验结束
2020-03-31 22:41:24.296 [ http-nio-8080-exec-10 ] - [ INFO  ] [ c.g.a.m.service.impl.HttpNorthManageServiceImpl : 43 ] - 参数校验结果:[]
2020-03-31 22:41:24.299 [ http-nio-8080-exec-10 ] - [ INFO  ] [ c.g.a.service.Impl.SelectOrderServiceImpl : 28 ] - 开始执行数据查询......
2020-03-31 22:41:24.300 [ http-nio-8080-exec-10 ] - [ INFO  ] [ c.g.a.d.service.impl.OperateDataBaseServiceImpl : 30 ] - 数据查询请求参数:{"sourceId":"03122","orderId":"123123123123"}
2020-03-31 22:41:24.314 [ http-nio-8080-exec-10 ] - [ INFO  ] [ c.g.a.service.Impl.SelectOrderServiceImpl : 45 ] - 数据查询结束......
2020-03-31 22:41:24.316 [ http-nio-8080-exec-10 ] - [ INFO  ] [ c.g.application.controller.SelectOrderController : 40 ] - 查询结果:{"list":[{"createTime":"2020-03-30 22:36:35.0","createUser":"gujiangbo","info":"","orderFactory":"上海卫生用品有限公司","orderId":"123123123123","orderName":"卫生纸","orderPrice":34.6,"sourceId":"03122","updateTime":"2020-03-30 22:36:35.0","updateUser":"gujiangbo"}],"returnCode":"000000","returnMsg":"成功"}
2020-03-31 22:41:25.112 [ http-nio-8080-exec-1 ] - [ INFO  ] [ c.g.application.controller.SelectOrderController : 29 ] - 请求参数:{"orderId":"123123123123","sourceId":"03122"}
2020-03-31 22:41:25.113 [ http-nio-8080-exec-1 ] - [ INFO  ] [ c.g.a.m.service.impl.HttpNorthManageServiceImpl : 35 ] - 北向接口请求参数校验开始......
2020-03-31 22:41:25.113 [ http-nio-8080-exec-1 ] - [ INFO  ] [ com.gujiangbo.application.utils.SafeCheckUtils : 46 ] - 请求头部参数校验...
2020-03-31 22:41:25.114 [ http-nio-8080-exec-1 ] - [ INFO  ] [ c.g.a.m.service.impl.HttpNorthManageServiceImpl : 39 ] - 头部字段校验结果:{"returnCode":"000000","returnMsg":"请求头部校验成功"}
2020-03-31 22:41:25.114 [ http-nio-8080-exec-1 ] - [ INFO  ] [ c.g.a.m.service.impl.HttpNorthManageServiceImpl : 33 ] - 参数校验开始
2020-03-31 22:41:25.115 [ http-nio-8080-exec-1 ] - [ INFO  ] [ c.g.a.m.service.impl.HttpNorthManageServiceImpl : 60 ] - 参数校验结束
2020-03-31 22:41:25.115 [ http-nio-8080-exec-1 ] - [ INFO  ] [ c.g.a.m.service.impl.HttpNorthManageServiceImpl : 43 ] - 参数校验结果:[]
2020-03-31 22:41:25.116 [ http-nio-8080-exec-1 ] - [ INFO  ] [ c.g.a.service.Impl.SelectOrderServiceImpl : 28 ] - 开始执行数据查询......
2020-03-31 22:41:25.116 [ http-nio-8080-exec-1 ] - [ INFO  ] [ c.g.a.d.service.impl.OperateDataBaseServiceImpl : 30 ] - 数据查询请求参数:{"sourceId":"03122","orderId":"123123123123"}
2020-03-31 22:41:25.122 [ http-nio-8080-exec-1 ] - [ INFO  ] [ c.g.a.service.Impl.SelectOrderServiceImpl : 45 ] - 数据查询结束......
2020-03-31 22:41:25.122 [ http-nio-8080-exec-1 ] - [ INFO  ] [ c.g.application.controller.SelectOrderController : 40 ] - 查询结果:{"list":[{"createTime":"2020-03-30 22:36:35.0","createUser":"gujiangbo","info":"","orderFactory":"上海卫生用品有限公司","orderId":"123123123123","orderName":"卫生纸","orderPrice":34.6,"sourceId":"03122","updateTime":"2020-03-30 22:36:35.0","updateUser":"gujiangbo"}],"returnCode":"000000","returnMsg":"成功"}
2020-03-31 22:41:25.928 [ http-nio-8080-exec-2 ] - [ INFO  ] [ c.g.application.controller.SelectOrderController : 29 ] - 请求参数:{"orderId":"123123123123","sourceId":"03122"}
2020-03-31 22:41:25.929 [ http-nio-8080-exec-2 ] - [ INFO  ] [ c.g.a.m.service.impl.HttpNorthManageServiceImpl : 35 ] - 北向接口请求参数校验开始......
2020-03-31 22:41:25.929 [ http-nio-8080-exec-2 ] - [ INFO  ] [ com.gujiangbo.application.utils.SafeCheckUtils : 46 ] - 请求头部参数校验...
2020-03-31 22:41:25.930 [ http-nio-8080-exec-2 ] - [ INFO  ] [ c.g.a.m.service.impl.HttpNorthManageServiceImpl : 39 ] - 头部字段校验结果:{"returnCode":"000000","returnMsg":"请求头部校验成功"}
2020-03-31 22:41:25.930 [ http-nio-8080-exec-2 ] - [ INFO  ] [ c.g.a.m.service.impl.HttpNorthManageServiceImpl : 33 ] - 参数校验开始
2020-03-31 22:41:25.930 [ http-nio-8080-exec-2 ] - [ INFO  ] [ c.g.a.m.service.impl.HttpNorthManageServiceImpl : 60 ] - 参数校验结束
2020-03-31 22:41:25.930 [ http-nio-8080-exec-2 ] - [ INFO  ] [ c.g.a.m.service.impl.HttpNorthManageServiceImpl : 43 ] - 参数校验结果:[]
2020-03-31 22:41:25.931 [ http-nio-8080-exec-2 ] - [ INFO  ] [ c.g.a.service.Impl.SelectOrderServiceImpl : 28 ] - 开始执行数据查询......
2020-03-31 22:41:25.931 [ http-nio-8080-exec-2 ] - [ INFO  ] [ c.g.a.d.service.impl.OperateDataBaseServiceImpl : 30 ] - 数据查询请求参数:{"sourceId":"03122","orderId":"123123123123"}
2020-03-31 22:41:25.938 [ http-nio-8080-exec-2 ] - [ INFO  ] [ c.g.a.service.Impl.SelectOrderServiceImpl : 45 ] - 数据查询结束......
2020-03-31 22:41:25.939 [ http-nio-8080-exec-2 ] - [ INFO  ] [ c.g.application.controller.SelectOrderController : 40 ] - 查询结果:{"list":[{"createTime":"2020-03-30 22:36:35.0","createUser":"gujiangbo","info":"","orderFactory":"上海卫生用品有限公司","orderId":"123123123123","orderName":"卫生纸","orderPrice":34.6,"sourceId":"03122","updateTime":"2020-03-30 22:36:35.0","updateUser":"gujiangbo"}],"returnCode":"000000","returnMsg":"成功"}
2020-03-31 22:41:26.703 [ http-nio-8080-exec-3 ] - [ INFO  ] [ c.g.application.controller.SelectOrderController : 29 ] - 请求参数:{"orderId":"123123123123","sourceId":"03122"}
2020-03-31 22:41:26.703 [ http-nio-8080-exec-3 ] - [ INFO  ] [ c.g.a.m.service.impl.HttpNorthManageServiceImpl : 35 ] - 北向接口请求参数校验开始......
2020-03-31 22:41:26.704 [ http-nio-8080-exec-3 ] - [ INFO  ] [ com.gujiangbo.application.utils.SafeCheckUtils : 46 ] - 请求头部参数校验...
2020-03-31 22:41:26.705 [ http-nio-8080-exec-3 ] - [ INFO  ] [ c.g.a.m.service.impl.HttpNorthManageServiceImpl : 39 ] - 头部字段校验结果:{"returnCode":"000000","returnMsg":"请求头部校验成功"}
2020-03-31 22:41:26.706 [ http-nio-8080-exec-3 ] - [ INFO  ] [ c.g.a.m.service.impl.HttpNorthManageServiceImpl : 33 ] - 参数校验开始
2020-03-31 22:41:26.708 [ http-nio-8080-exec-3 ] - [ INFO  ] [ c.g.a.m.service.impl.HttpNorthManageServiceImpl : 60 ] - 参数校验结束
2020-03-31 22:41:26.713 [ http-nio-8080-exec-3 ] - [ INFO  ] [ c.g.a.m.service.impl.HttpNorthManageServiceImpl : 43 ] - 参数校验结果:[]
2020-03-31 22:41:26.715 [ http-nio-8080-exec-3 ] - [ INFO  ] [ c.g.a.service.Impl.SelectOrderServiceImpl : 28 ] - 开始执行数据查询......
2020-03-31 22:41:26.718 [ http-nio-8080-exec-3 ] - [ INFO  ] [ c.g.a.d.service.impl.OperateDataBaseServiceImpl : 30 ] - 数据查询请求参数:{"sourceId":"03122","orderId":"123123123123"}
2020-03-31 22:41:26.733 [ http-nio-8080-exec-3 ] - [ INFO  ] [ c.g.a.service.Impl.SelectOrderServiceImpl : 45 ] - 数据查询结束......
2020-03-31 22:41:26.734 [ http-nio-8080-exec-3 ] - [ INFO  ] [ c.g.application.controller.SelectOrderController : 40 ] - 查询结果:{"list":[{"createTime":"2020-03-30 22:36:35.0","createUser":"gujiangbo","info":"","orderFactory":"上海卫生用品有限公司","orderId":"123123123123","orderName":"卫生纸","orderPrice":34.6,"sourceId":"03122","updateTime":"2020-03-30 22:36:35.0","updateUser":"gujiangbo"}],"returnCode":"000000","returnMsg":"成功"}
2020-03-31 22:41:27.506 [ http-nio-8080-exec-4 ] - [ INFO  ] [ c.g.application.controller.SelectOrderController : 29 ] - 请求参数:{"orderId":"123123123123","sourceId":"03122"}
2020-03-31 22:41:27.508 [ http-nio-8080-exec-4 ] - [ INFO  ] [ c.g.a.m.service.impl.HttpNorthManageServiceImpl : 35 ] - 北向接口请求参数校验开始......
2020-03-31 22:41:27.508 [ http-nio-8080-exec-4 ] - [ INFO  ] [ com.gujiangbo.application.utils.SafeCheckUtils : 46 ] - 请求头部参数校验...
2020-03-31 22:41:27.509 [ http-nio-8080-exec-4 ] - [ INFO  ] [ c.g.a.m.service.impl.HttpNorthManageServiceImpl : 39 ] - 头部字段校验结果:{"returnCode":"000000","returnMsg":"请求头部校验成功"}
2020-03-31 22:41:27.509 [ http-nio-8080-exec-4 ] - [ INFO  ] [ c.g.a.m.service.impl.HttpNorthManageServiceImpl : 33 ] - 参数校验开始
2020-03-31 22:41:27.509 [ http-nio-8080-exec-4 ] - [ INFO  ] [ c.g.a.m.service.impl.HttpNorthManageServiceImpl : 60 ] - 参数校验结束
2020-03-31 22:41:27.510 [ http-nio-8080-exec-4 ] - [ INFO  ] [ c.g.a.m.service.impl.HttpNorthManageServiceImpl : 43 ] - 参数校验结果:[]
2020-03-31 22:41:27.510 [ http-nio-8080-exec-4 ] - [ INFO  ] [ c.g.a.service.Impl.SelectOrderServiceImpl : 28 ] - 开始执行数据查询......
2020-03-31 22:41:27.511 [ http-nio-8080-exec-4 ] - [ INFO  ] [ c.g.a.d.service.impl.OperateDataBaseServiceImpl : 30 ] - 数据查询请求参数:{"sourceId":"03122","orderId":"123123123123"}
2020-03-31 22:41:27.523 [ http-nio-8080-exec-4 ] - [ INFO  ] [ c.g.a.service.Impl.SelectOrderServiceImpl : 45 ] - 数据查询结束......
2020-03-31 22:41:27.524 [ http-nio-8080-exec-4 ] - [ INFO  ] [ c.g.application.controller.SelectOrderController : 40 ] - 查询结果:{"list":[{"createTime":"2020-03-30 22:36:35.0","createUser":"gujiangbo","info":"","orderFactory":"上海卫生用品有限公司","orderId":"123123123123","orderName":"卫生纸","orderPrice":34.6,"sourceId":"03122","updateTime":"2020-03-30 22:36:35.0","updateUser":"gujiangbo"}],"returnCode":"000000","returnMsg":"成功"}
2020-03-31 22:41:28.571 [ http-nio-8080-exec-5 ] - [ INFO  ] [ c.g.application.controller.SelectOrderController : 29 ] - 请求参数:{"orderId":"123123123123","sourceId":"03122"}
2020-03-31 22:41:28.572 [ http-nio-8080-exec-5 ] - [ INFO  ] [ c.g.a.m.service.impl.HttpNorthManageServiceImpl : 35 ] - 北向接口请求参数校验开始......
2020-03-31 22:41:28.573 [ http-nio-8080-exec-5 ] - [ INFO  ] [ com.gujiangbo.application.utils.SafeCheckUtils : 46 ] - 请求头部参数校验...
2020-03-31 22:41:28.574 [ http-nio-8080-exec-5 ] - [ INFO  ] [ c.g.a.m.service.impl.HttpNorthManageServiceImpl : 39 ] - 头部字段校验结果:{"returnCode":"000000","returnMsg":"请求头部校验成功"}
2020-03-31 22:41:28.574 [ http-nio-8080-exec-5 ] - [ INFO  ] [ c.g.a.m.service.impl.HttpNorthManageServiceImpl : 33 ] - 参数校验开始
2020-03-31 22:41:28.578 [ http-nio-8080-exec-5 ] - [ INFO  ] [ c.g.a.m.service.impl.HttpNorthManageServiceImpl : 60 ] - 参数校验结束
2020-03-31 22:41:28.579 [ http-nio-8080-exec-5 ] - [ INFO  ] [ c.g.a.m.service.impl.HttpNorthManageServiceImpl : 43 ] - 参数校验结果:[]
2020-03-31 22:41:28.579 [ http-nio-8080-exec-5 ] - [ INFO  ] [ c.g.a.service.Impl.SelectOrderServiceImpl : 28 ] - 开始执行数据查询......
2020-03-31 22:41:28.580 [ http-nio-8080-exec-5 ] - [ INFO  ] [ c.g.a.d.service.impl.OperateDataBaseServiceImpl : 30 ] - 数据查询请求参数:{"sourceId":"03122","orderId":"123123123123"}
2020-03-31 22:41:28.593 [ http-nio-8080-exec-5 ] - [ INFO  ] [ c.g.a.service.Impl.SelectOrderServiceImpl : 45 ] - 数据查询结束......
2020-03-31 22:41:28.593 [ http-nio-8080-exec-5 ] - [ INFO  ] [ c.g.application.controller.SelectOrderController : 40 ] - 查询结果:{"list":[{"createTime":"2020-03-30 22:36:35.0","createUser":"gujiangbo","info":"","orderFactory":"上海卫生用品有限公司","orderId":"123123123123","orderName":"卫生纸","orderPrice":34.6,"sourceId":"03122","updateTime":"2020-03-30 22:36:35.0","updateUser":"gujiangbo"}],"returnCode":"000000","returnMsg":"成功"}
2020-03-31 22:41:29.044 [ http-nio-8080-exec-6 ] - [ INFO  ] [ c.g.application.controller.SelectOrderController : 29 ] - 请求参数:{"orderId":"123123123123","sourceId":"03122"}
2020-03-31 22:41:29.045 [ http-nio-8080-exec-6 ] - [ INFO  ] [ c.g.a.m.service.impl.HttpNorthManageServiceImpl : 35 ] - 北向接口请求参数校验开始......
2020-03-31 22:41:29.045 [ http-nio-8080-exec-6 ] - [ INFO  ] [ com.gujiangbo.application.utils.SafeCheckUtils : 46 ] - 请求头部参数校验...
2020-03-31 22:41:29.046 [ http-nio-8080-exec-6 ] - [ INFO  ] [ c.g.a.m.service.impl.HttpNorthManageServiceImpl : 39 ] - 头部字段校验结果:{"returnCode":"000000","returnMsg":"请求头部校验成功"}
2020-03-31 22:41:29.046 [ http-nio-8080-exec-6 ] - [ INFO  ] [ c.g.a.m.service.impl.HttpNorthManageServiceImpl : 33 ] - 参数校验开始
2020-03-31 22:41:29.047 [ http-nio-8080-exec-6 ] - [ INFO  ] [ c.g.a.m.service.impl.HttpNorthManageServiceImpl : 60 ] - 参数校验结束
2020-03-31 22:41:29.049 [ http-nio-8080-exec-6 ] - [ INFO  ] [ c.g.a.m.service.impl.HttpNorthManageServiceImpl : 43 ] - 参数校验结果:[]
2020-03-31 22:41:29.051 [ http-nio-8080-exec-6 ] - [ INFO  ] [ c.g.a.service.Impl.SelectOrderServiceImpl : 28 ] - 开始执行数据查询......
2020-03-31 22:41:29.053 [ http-nio-8080-exec-6 ] - [ INFO  ] [ c.g.a.d.service.impl.OperateDataBaseServiceImpl : 30 ] - 数据查询请求参数:{"sourceId":"03122","orderId":"123123123123"}
2020-03-31 22:41:29.058 [ http-nio-8080-exec-6 ] - [ INFO  ] [ c.g.a.service.Impl.SelectOrderServiceImpl : 45 ] - 数据查询结束......
2020-03-31 22:41:29.059 [ http-nio-8080-exec-6 ] - [ INFO  ] [ c.g.application.controller.SelectOrderController : 40 ] - 查询结果:{"list":[{"createTime":"2020-03-30 22:36:35.0","createUser":"gujiangbo","info":"","orderFactory":"上海卫生用品有限公司","orderId":"123123123123","orderName":"卫生纸","orderPrice":34.6,"sourceId":"03122","updateTime":"2020-03-30 22:36:35.0","updateUser":"gujiangbo"}],"returnCode":"000000","returnMsg":"成功"}
2020-03-31 22:41:29.729 [ http-nio-8080-exec-7 ] - [ INFO  ] [ c.g.application.controller.SelectOrderController : 29 ] - 请求参数:{"orderId":"123123123123","sourceId":"03122"}
2020-03-31 22:41:29.730 [ http-nio-8080-exec-7 ] - [ INFO  ] [ c.g.a.m.service.impl.HttpNorthManageServiceImpl : 35 ] - 北向接口请求参数校验开始......
2020-03-31 22:41:29.731 [ http-nio-8080-exec-7 ] - [ INFO  ] [ com.gujiangbo.application.utils.SafeCheckUtils : 46 ] - 请求头部参数校验...
2020-03-31 22:41:29.731 [ http-nio-8080-exec-7 ] - [ INFO  ] [ c.g.a.m.service.impl.HttpNorthManageServiceImpl : 39 ] - 头部字段校验结果:{"returnCode":"000000","returnMsg":"请求头部校验成功"}
2020-03-31 22:41:29.731 [ http-nio-8080-exec-7 ] - [ INFO  ] [ c.g.a.m.service.impl.HttpNorthManageServiceImpl : 33 ] - 参数校验开始
2020-03-31 22:41:29.732 [ http-nio-8080-exec-7 ] - [ INFO  ] [ c.g.a.m.service.impl.HttpNorthManageServiceImpl : 60 ] - 参数校验结束
2020-03-31 22:41:29.734 [ http-nio-8080-exec-7 ] - [ INFO  ] [ c.g.a.m.service.impl.HttpNorthManageServiceImpl : 43 ] - 参数校验结果:[]
2020-03-31 22:41:29.736 [ http-nio-8080-exec-7 ] - [ INFO  ] [ c.g.a.service.Impl.SelectOrderServiceImpl : 28 ] - 开始执行数据查询......
2020-03-31 22:41:29.738 [ http-nio-8080-exec-7 ] - [ INFO  ] [ c.g.a.d.service.impl.OperateDataBaseServiceImpl : 30 ] - 数据查询请求参数:{"sourceId":"03122","orderId":"123123123123"}
2020-03-31 22:41:29.749 [ http-nio-8080-exec-7 ] - [ INFO  ] [ c.g.a.service.Impl.SelectOrderServiceImpl : 45 ] - 数据查询结束......
2020-03-31 22:41:29.750 [ http-nio-8080-exec-7 ] - [ INFO  ] [ c.g.application.controller.SelectOrderController : 40 ] - 查询结果:{"list":[{"createTime":"2020-03-30 22:36:35.0","createUser":"gujiangbo","info":"","orderFactory":"上海卫生用品有限公司","orderId":"123123123123","orderName":"卫生纸","orderPrice":34.6,"sourceId":"03122","updateTime":"2020-03-30 22:36:35.0","updateUser":"gujiangbo"}],"returnCode":"000000","returnMsg":"成功"}
2020-03-31 22:41:30.239 [ http-nio-8080-exec-8 ] - [ INFO  ] [ c.g.application.controller.SelectOrderController : 29 ] - 请求参数:{"orderId":"123123123123","sourceId":"03122"}
2020-03-31 22:41:30.240 [ http-nio-8080-exec-8 ] - [ INFO  ] [ c.g.a.m.service.impl.HttpNorthManageServiceImpl : 35 ] - 北向接口请求参数校验开始......
2020-03-31 22:41:30.241 [ http-nio-8080-exec-8 ] - [ INFO  ] [ com.gujiangbo.application.utils.SafeCheckUtils : 46 ] - 请求头部参数校验...
2020-03-31 22:41:30.241 [ http-nio-8080-exec-8 ] - [ INFO  ] [ c.g.a.m.service.impl.HttpNorthManageServiceImpl : 39 ] - 头部字段校验结果:{"returnCode":"000000","returnMsg":"请求头部校验成功"}
2020-03-31 22:41:30.241 [ http-nio-8080-exec-8 ] - [ INFO  ] [ c.g.a.m.service.impl.HttpNorthManageServiceImpl : 33 ] - 参数校验开始
2020-03-31 22:41:30.242 [ http-nio-8080-exec-8 ] - [ INFO  ] [ c.g.a.m.service.impl.HttpNorthManageServiceImpl : 60 ] - 参数校验结束
2020-03-31 22:41:30.242 [ http-nio-8080-exec-8 ] - [ INFO  ] [ c.g.a.m.service.impl.HttpNorthManageServiceImpl : 43 ] - 参数校验结果:[]
2020-03-31 22:41:30.243 [ http-nio-8080-exec-8 ] - [ INFO  ] [ c.g.a.service.Impl.SelectOrderServiceImpl : 28 ] - 开始执行数据查询......
2020-03-31 22:41:30.243 [ http-nio-8080-exec-8 ] - [ INFO  ] [ c.g.a.d.service.impl.OperateDataBaseServiceImpl : 30 ] - 数据查询请求参数:{"sourceId":"03122","orderId":"123123123123"}
2020-03-31 22:41:30.249 [ http-nio-8080-exec-8 ] - [ INFO  ] [ c.g.a.service.Impl.SelectOrderServiceImpl : 45 ] - 数据查询结束......
2020-03-31 22:41:30.249 [ http-nio-8080-exec-8 ] - [ INFO  ] [ c.g.application.controller.SelectOrderController : 40 ] - 查询结果:{"list":[{"createTime":"2020-03-30 22:36:35.0","createUser":"gujiangbo","info":"","orderFactory":"上海卫生用品有限公司","orderId":"123123123123","orderName":"卫生纸","orderPrice":34.6,"sourceId":"03122","updateTime":"2020-03-30 22:36:35.0","updateUser":"gujiangbo"}],"returnCode":"000000","returnMsg":"成功"}
2020-03-31 22:41:32.837 [ http-nio-8080-exec-9 ] - [ INFO  ] [ c.g.application.controller.SelectOrderController : 29 ] - 请求参数:{"orderId":"123123123123","sourceId":"03122"}
2020-03-31 22:41:32.839 [ http-nio-8080-exec-9 ] - [ INFO  ] [ c.g.a.m.service.impl.HttpNorthManageServiceImpl : 35 ] - 北向接口请求参数校验开始......
2020-03-31 22:41:32.840 [ http-nio-8080-exec-9 ] - [ INFO  ] [ com.gujiangbo.application.utils.SafeCheckUtils : 46 ] - 请求头部参数校验...
2020-03-31 22:41:32.841 [ http-nio-8080-exec-9 ] - [ INFO  ] [ c.g.a.m.service.impl.HttpNorthManageServiceImpl : 39 ] - 头部字段校验结果:{"returnCode":"000000","returnMsg":"请求头部校验成功"}
2020-03-31 22:41:32.841 [ http-nio-8080-exec-9 ] - [ INFO  ] [ c.g.a.m.service.impl.HttpNorthManageServiceImpl : 33 ] - 参数校验开始
2020-03-31 22:41:32.842 [ http-nio-8080-exec-9 ] - [ INFO  ] [ c.g.a.m.service.impl.HttpNorthManageServiceImpl : 60 ] - 参数校验结束
2020-03-31 22:41:32.843 [ http-nio-8080-exec-9 ] - [ INFO  ] [ c.g.a.m.service.impl.HttpNorthManageServiceImpl : 43 ] - 参数校验结果:[]
2020-03-31 22:41:32.843 [ http-nio-8080-exec-9 ] - [ INFO  ] [ c.g.a.service.Impl.SelectOrderServiceImpl : 28 ] - 开始执行数据查询......
2020-03-31 22:41:32.843 [ http-nio-8080-exec-9 ] - [ INFO  ] [ c.g.a.d.service.impl.OperateDataBaseServiceImpl : 30 ] - 数据查询请求参数:{"sourceId":"03122","orderId":"123123123123"}
2020-03-31 22:41:32.871 [ http-nio-8080-exec-9 ] - [ INFO  ] [ c.g.a.service.Impl.SelectOrderServiceImpl : 45 ] - 数据查询结束......
2020-03-31 22:41:32.872 [ http-nio-8080-exec-9 ] - [ INFO  ] [ c.g.application.controller.SelectOrderController : 40 ] - 查询结果:{"list":[{"createTime":"2020-03-30 22:36:35.0","createUser":"gujiangbo","info":"","orderFactory":"上海卫生用品有限公司","orderId":"123123123123","orderName":"卫生纸","orderPrice":34.6,"sourceId":"03122","updateTime":"2020-03-30 22:36:35.0","updateUser":"gujiangbo"}],"returnCode":"000000","returnMsg":"成功"}
2020-03-31 22:41:33.472 [ http-nio-8080-exec-10 ] - [ INFO  ] [ c.g.application.controller.SelectOrderController : 29 ] - 请求参数:{"orderId":"123123123123","sourceId":"03122"}
2020-03-31 22:41:33.473 [ http-nio-8080-exec-10 ] - [ INFO  ] [ c.g.a.m.service.impl.HttpNorthManageServiceImpl : 35 ] - 北向接口请求参数校验开始......
2020-03-31 22:41:33.474 [ http-nio-8080-exec-10 ] - [ INFO  ] [ com.gujiangbo.application.utils.SafeCheckUtils : 46 ] - 请求头部参数校验...
2020-03-31 22:41:33.474 [ http-nio-8080-exec-10 ] - [ INFO  ] [ c.g.a.m.service.impl.HttpNorthManageServiceImpl : 39 ] - 头部字段校验结果:{"returnCode":"000000","returnMsg":"请求头部校验成功"}
2020-03-31 22:41:33.475 [ http-nio-8080-exec-10 ] - [ INFO  ] [ c.g.a.m.service.impl.HttpNorthManageServiceImpl : 33 ] - 参数校验开始
2020-03-31 22:41:33.475 [ http-nio-8080-exec-10 ] - [ INFO  ] [ c.g.a.m.service.impl.HttpNorthManageServiceImpl : 60 ] - 参数校验结束
2020-03-31 22:41:33.476 [ http-nio-8080-exec-10 ] - [ INFO  ] [ c.g.a.m.service.impl.HttpNorthManageServiceImpl : 43 ] - 参数校验结果:[]
2020-03-31 22:41:33.477 [ http-nio-8080-exec-10 ] - [ INFO  ] [ c.g.a.service.Impl.SelectOrderServiceImpl : 28 ] - 开始执行数据查询......
2020-03-31 22:41:33.478 [ http-nio-8080-exec-10 ] - [ INFO  ] [ c.g.a.d.service.impl.OperateDataBaseServiceImpl : 30 ] - 数据查询请求参数:{"sourceId":"03122","orderId":"123123123123"}
2020-03-31 22:41:33.489 [ http-nio-8080-exec-10 ] - [ INFO  ] [ c.g.a.service.Impl.SelectOrderServiceImpl : 45 ] - 数据查询结束......
2020-03-31 22:41:33.490 [ http-nio-8080-exec-10 ] - [ INFO  ] [ c.g.application.controller.SelectOrderController : 40 ] - 查询结果:{"list":[{"createTime":"2020-03-30 22:36:35.0","createUser":"gujiangbo","info":"","orderFactory":"上海卫生用品有限公司","orderId":"123123123123","orderName":"卫生纸","orderPrice":34.6,"sourceId":"03122","updateTime":"2020-03-30 22:36:35.0","updateUser":"gujiangbo"}],"returnCode":"000000","returnMsg":"成功"}
2020-03-31 22:41:34.365 [ http-nio-8080-exec-1 ] - [ INFO  ] [ c.g.application.controller.SelectOrderController : 29 ] - 请求参数:{"orderId":"123123123123","sourceId":"03122"}
2020-03-31 22:41:34.366 [ http-nio-8080-exec-1 ] - [ INFO  ] [ c.g.a.m.service.impl.HttpNorthManageServiceImpl : 35 ] - 北向接口请求参数校验开始......
2020-03-31 22:41:34.367 [ http-nio-8080-exec-1 ] - [ INFO  ] [ com.gujiangbo.application.utils.SafeCheckUtils : 46 ] - 请求头部参数校验...
2020-03-31 22:41:34.367 [ http-nio-8080-exec-1 ] - [ INFO  ] [ c.g.a.m.service.impl.HttpNorthManageServiceImpl : 39 ] - 头部字段校验结果:{"returnCode":"000000","returnMsg":"请求头部校验成功"}
2020-03-31 22:41:34.368 [ http-nio-8080-exec-1 ] - [ INFO  ] [ c.g.a.m.service.impl.HttpNorthManageServiceImpl : 33 ] - 参数校验开始
2020-03-31 22:41:34.368 [ http-nio-8080-exec-1 ] - [ INFO  ] [ c.g.a.m.service.impl.HttpNorthManageServiceImpl : 60 ] - 参数校验结束
2020-03-31 22:41:34.369 [ http-nio-8080-exec-1 ] - [ INFO  ] [ c.g.a.m.service.impl.HttpNorthManageServiceImpl : 43 ] - 参数校验结果:[]
2020-03-31 22:41:34.369 [ http-nio-8080-exec-1 ] - [ INFO  ] [ c.g.a.service.Impl.SelectOrderServiceImpl : 28 ] - 开始执行数据查询......
2020-03-31 22:41:34.370 [ http-nio-8080-exec-1 ] - [ INFO  ] [ c.g.a.d.service.impl.OperateDataBaseServiceImpl : 30 ] - 数据查询请求参数:{"sourceId":"03122","orderId":"123123123123"}
2020-03-31 22:41:34.378 [ http-nio-8080-exec-1 ] - [ INFO  ] [ c.g.a.service.Impl.SelectOrderServiceImpl : 45 ] - 数据查询结束......
2020-03-31 22:41:34.379 [ http-nio-8080-exec-1 ] - [ INFO  ] [ c.g.application.controller.SelectOrderController : 40 ] - 查询结果:{"list":[{"createTime":"2020-03-30 22:36:35.0","createUser":"gujiangbo","info":"","orderFactory":"上海卫生用品有限公司","orderId":"123123123123","orderName":"卫生纸","orderPrice":34.6,"sourceId":"03122","updateTime":"2020-03-30 22:36:35.0","updateUser":"gujiangbo"}],"returnCode":"000000","returnMsg":"成功"}
2020-03-31 22:41:35.003 [ http-nio-8080-exec-2 ] - [ INFO  ] [ c.g.application.controller.SelectOrderController : 29 ] - 请求参数:{"orderId":"123123123123","sourceId":"03122"}
2020-03-31 22:41:35.004 [ http-nio-8080-exec-2 ] - [ INFO  ] [ c.g.a.m.service.impl.HttpNorthManageServiceImpl : 35 ] - 北向接口请求参数校验开始......
2020-03-31 22:41:35.004 [ http-nio-8080-exec-2 ] - [ INFO  ] [ com.gujiangbo.application.utils.SafeCheckUtils : 46 ] - 请求头部参数校验...
2020-03-31 22:41:35.005 [ http-nio-8080-exec-2 ] - [ INFO  ] [ c.g.a.m.service.impl.HttpNorthManageServiceImpl : 39 ] - 头部字段校验结果:{"returnCode":"000000","returnMsg":"请求头部校验成功"}
2020-03-31 22:41:35.005 [ http-nio-8080-exec-2 ] - [ INFO  ] [ c.g.a.m.service.impl.HttpNorthManageServiceImpl : 33 ] - 参数校验开始
2020-03-31 22:41:35.005 [ http-nio-8080-exec-2 ] - [ INFO  ] [ c.g.a.m.service.impl.HttpNorthManageServiceImpl : 60 ] - 参数校验结束
2020-03-31 22:41:35.006 [ http-nio-8080-exec-2 ] - [ INFO  ] [ c.g.a.m.service.impl.HttpNorthManageServiceImpl : 43 ] - 参数校验结果:[]
2020-03-31 22:41:35.006 [ http-nio-8080-exec-2 ] - [ INFO  ] [ c.g.a.service.Impl.SelectOrderServiceImpl : 28 ] - 开始执行数据查询......
2020-03-31 22:41:35.007 [ http-nio-8080-exec-2 ] - [ INFO  ] [ c.g.a.d.service.impl.OperateDataBaseServiceImpl : 30 ] - 数据查询请求参数:{"sourceId":"03122","orderId":"123123123123"}
2020-03-31 22:41:35.012 [ http-nio-8080-exec-2 ] - [ INFO  ] [ c.g.a.service.Impl.SelectOrderServiceImpl : 45 ] - 数据查询结束......
2020-03-31 22:41:35.013 [ http-nio-8080-exec-2 ] - [ INFO  ] [ c.g.application.controller.SelectOrderController : 40 ] - 查询结果:{"list":[{"createTime":"2020-03-30 22:36:35.0","createUser":"gujiangbo","info":"","orderFactory":"上海卫生用品有限公司","orderId":"123123123123","orderName":"卫生纸","orderPrice":34.6,"sourceId":"03122","updateTime":"2020-03-30 22:36:35.0","updateUser":"gujiangbo"}],"returnCode":"000000","returnMsg":"成功"}
2020-03-31 22:41:35.789 [ http-nio-8080-exec-3 ] - [ INFO  ] [ c.g.application.controller.SelectOrderController : 29 ] - 请求参数:{"orderId":"123123123123","sourceId":"03122"}
2020-03-31 22:41:35.790 [ http-nio-8080-exec-3 ] - [ INFO  ] [ c.g.a.m.service.impl.HttpNorthManageServiceImpl : 35 ] - 北向接口请求参数校验开始......
2020-03-31 22:41:35.790 [ http-nio-8080-exec-3 ] - [ INFO  ] [ com.gujiangbo.application.utils.SafeCheckUtils : 46 ] - 请求头部参数校验...
2020-03-31 22:41:35.791 [ http-nio-8080-exec-3 ] - [ INFO  ] [ c.g.a.m.service.impl.HttpNorthManageServiceImpl : 39 ] - 头部字段校验结果:{"returnCode":"000000","returnMsg":"请求头部校验成功"}
2020-03-31 22:41:35.791 [ http-nio-8080-exec-3 ] - [ INFO  ] [ c.g.a.m.service.impl.HttpNorthManageServiceImpl : 33 ] - 参数校验开始
2020-03-31 22:41:35.791 [ http-nio-8080-exec-3 ] - [ INFO  ] [ c.g.a.m.service.impl.HttpNorthManageServiceImpl : 60 ] - 参数校验结束
2020-03-31 22:41:35.792 [ http-nio-8080-exec-3 ] - [ INFO  ] [ c.g.a.m.service.impl.HttpNorthManageServiceImpl : 43 ] - 参数校验结果:[]
2020-03-31 22:41:35.792 [ http-nio-8080-exec-3 ] - [ INFO  ] [ c.g.a.service.Impl.SelectOrderServiceImpl : 28 ] - 开始执行数据查询......
2020-03-31 22:41:35.793 [ http-nio-8080-exec-3 ] - [ INFO  ] [ c.g.a.d.service.impl.OperateDataBaseServiceImpl : 30 ] - 数据查询请求参数:{"sourceId":"03122","orderId":"123123123123"}
2020-03-31 22:41:35.803 [ http-nio-8080-exec-3 ] - [ INFO  ] [ c.g.a.service.Impl.SelectOrderServiceImpl : 45 ] - 数据查询结束......
2020-03-31 22:41:35.805 [ http-nio-8080-exec-3 ] - [ INFO  ] [ c.g.application.controller.SelectOrderController : 40 ] - 查询结果:{"list":[{"createTime":"2020-03-30 22:36:35.0","createUser":"gujiangbo","info":"","orderFactory":"上海卫生用品有限公司","orderId":"123123123123","orderName":"卫生纸","orderPrice":34.6,"sourceId":"03122","updateTime":"2020-03-30 22:36:35.0","updateUser":"gujiangbo"}],"returnCode":"000000","returnMsg":"成功"}
2020-03-31 22:41:36.475 [ http-nio-8080-exec-4 ] - [ INFO  ] [ c.g.application.controller.SelectOrderController : 29 ] - 请求参数:{"orderId":"123123123123","sourceId":"03122"}
2020-03-31 22:41:36.476 [ http-nio-8080-exec-4 ] - [ INFO  ] [ c.g.a.m.service.impl.HttpNorthManageServiceImpl : 35 ] - 北向接口请求参数校验开始......
2020-03-31 22:41:36.476 [ http-nio-8080-exec-4 ] - [ INFO  ] [ com.gujiangbo.application.utils.SafeCheckUtils : 46 ] - 请求头部参数校验...
2020-03-31 22:41:36.477 [ http-nio-8080-exec-4 ] - [ INFO  ] [ c.g.a.m.service.impl.HttpNorthManageServiceImpl : 39 ] - 头部字段校验结果:{"returnCode":"000000","returnMsg":"请求头部校验成功"}
2020-03-31 22:41:36.477 [ http-nio-8080-exec-4 ] - [ INFO  ] [ c.g.a.m.service.impl.HttpNorthManageServiceImpl : 33 ] - 参数校验开始
2020-03-31 22:41:36.477 [ http-nio-8080-exec-4 ] - [ INFO  ] [ c.g.a.m.service.impl.HttpNorthManageServiceImpl : 60 ] - 参数校验结束
2020-03-31 22:41:36.478 [ http-nio-8080-exec-4 ] - [ INFO  ] [ c.g.a.m.service.impl.HttpNorthManageServiceImpl : 43 ] - 参数校验结果:[]
2020-03-31 22:41:36.478 [ http-nio-8080-exec-4 ] - [ INFO  ] [ c.g.a.service.Impl.SelectOrderServiceImpl : 28 ] - 开始执行数据查询......
2020-03-31 22:41:36.478 [ http-nio-8080-exec-4 ] - [ INFO  ] [ c.g.a.d.service.impl.OperateDataBaseServiceImpl : 30 ] - 数据查询请求参数:{"sourceId":"03122","orderId":"123123123123"}
2020-03-31 22:41:36.490 [ http-nio-8080-exec-4 ] - [ INFO  ] [ c.g.a.service.Impl.SelectOrderServiceImpl : 45 ] - 数据查询结束......
2020-03-31 22:41:36.491 [ http-nio-8080-exec-4 ] - [ INFO  ] [ c.g.application.controller.SelectOrderController : 40 ] - 查询结果:{"list":[{"createTime":"2020-03-30 22:36:35.0","createUser":"gujiangbo","info":"","orderFactory":"上海卫生用品有限公司","orderId":"123123123123","orderName":"卫生纸","orderPrice":34.6,"sourceId":"03122","updateTime":"2020-03-30 22:36:35.0","updateUser":"gujiangbo"}],"returnCode":"000000","returnMsg":"成功"}
2020-03-31 22:41:37.348 [ http-nio-8080-exec-5 ] - [ INFO  ] [ c.g.application.controller.SelectOrderController : 29 ] - 请求参数:{"orderId":"123123123123","sourceId":"03122"}
2020-03-31 22:41:37.349 [ http-nio-8080-exec-5 ] - [ INFO  ] [ c.g.a.m.service.impl.HttpNorthManageServiceImpl : 35 ] - 北向接口请求参数校验开始......
2020-03-31 22:41:37.350 [ http-nio-8080-exec-5 ] - [ INFO  ] [ com.gujiangbo.application.utils.SafeCheckUtils : 46 ] - 请求头部参数校验...
2020-03-31 22:41:37.351 [ http-nio-8080-exec-5 ] - [ INFO  ] [ c.g.a.m.service.impl.HttpNorthManageServiceImpl : 39 ] - 头部字段校验结果:{"returnCode":"000000","returnMsg":"请求头部校验成功"}
2020-03-31 22:41:37.352 [ http-nio-8080-exec-5 ] - [ INFO  ] [ c.g.a.m.service.impl.HttpNorthManageServiceImpl : 33 ] - 参数校验开始
2020-03-31 22:41:37.352 [ http-nio-8080-exec-5 ] - [ INFO  ] [ c.g.a.m.service.impl.HttpNorthManageServiceImpl : 60 ] - 参数校验结束
2020-03-31 22:41:37.352 [ http-nio-8080-exec-5 ] - [ INFO  ] [ c.g.a.m.service.impl.HttpNorthManageServiceImpl : 43 ] - 参数校验结果:[]
2020-03-31 22:41:37.352 [ http-nio-8080-exec-5 ] - [ INFO  ] [ c.g.a.service.Impl.SelectOrderServiceImpl : 28 ] - 开始执行数据查询......
2020-03-31 22:41:37.353 [ http-nio-8080-exec-5 ] - [ INFO  ] [ c.g.a.d.service.impl.OperateDataBaseServiceImpl : 30 ] - 数据查询请求参数:{"sourceId":"03122","orderId":"123123123123"}
2020-03-31 22:41:37.359 [ http-nio-8080-exec-5 ] - [ INFO  ] [ c.g.a.service.Impl.SelectOrderServiceImpl : 45 ] - 数据查询结束......
2020-03-31 22:41:37.360 [ http-nio-8080-exec-5 ] - [ INFO  ] [ c.g.application.controller.SelectOrderController : 40 ] - 查询结果:{"list":[{"createTime":"2020-03-30 22:36:35.0","createUser":"gujiangbo","info":"","orderFactory":"上海卫生用品有限公司","orderId":"123123123123","orderName":"卫生纸","orderPrice":34.6,"sourceId":"03122","updateTime":"2020-03-30 22:36:35.0","updateUser":"gujiangbo"}],"returnCode":"000000","returnMsg":"成功"}
2020-03-31 22:41:37.965 [ http-nio-8080-exec-6 ] - [ INFO  ] [ c.g.application.controller.SelectOrderController : 29 ] - 请求参数:{"orderId":"123123123123","sourceId":"03122"}
2020-03-31 22:41:37.966 [ http-nio-8080-exec-6 ] - [ INFO  ] [ c.g.a.m.service.impl.HttpNorthManageServiceImpl : 35 ] - 北向接口请求参数校验开始......
2020-03-31 22:41:37.966 [ http-nio-8080-exec-6 ] - [ INFO  ] [ com.gujiangbo.application.utils.SafeCheckUtils : 46 ] - 请求头部参数校验...
2020-03-31 22:41:37.967 [ http-nio-8080-exec-6 ] - [ INFO  ] [ c.g.a.m.service.impl.HttpNorthManageServiceImpl : 39 ] - 头部字段校验结果:{"returnCode":"000000","returnMsg":"请求头部校验成功"}
2020-03-31 22:41:37.968 [ http-nio-8080-exec-6 ] - [ INFO  ] [ c.g.a.m.service.impl.HttpNorthManageServiceImpl : 33 ] - 参数校验开始
2020-03-31 22:41:37.968 [ http-nio-8080-exec-6 ] - [ INFO  ] [ c.g.a.m.service.impl.HttpNorthManageServiceImpl : 60 ] - 参数校验结束
2020-03-31 22:41:37.968 [ http-nio-8080-exec-6 ] - [ INFO  ] [ c.g.a.m.service.impl.HttpNorthManageServiceImpl : 43 ] - 参数校验结果:[]
2020-03-31 22:41:37.969 [ http-nio-8080-exec-6 ] - [ INFO  ] [ c.g.a.service.Impl.SelectOrderServiceImpl : 28 ] - 开始执行数据查询......
2020-03-31 22:41:37.969 [ http-nio-8080-exec-6 ] - [ INFO  ] [ c.g.a.d.service.impl.OperateDataBaseServiceImpl : 30 ] - 数据查询请求参数:{"sourceId":"03122","orderId":"123123123123"}
2020-03-31 22:41:37.977 [ http-nio-8080-exec-6 ] - [ INFO  ] [ c.g.a.service.Impl.SelectOrderServiceImpl : 45 ] - 数据查询结束......
2020-03-31 22:41:37.977 [ http-nio-8080-exec-6 ] - [ INFO  ] [ c.g.application.controller.SelectOrderController : 40 ] - 查询结果:{"list":[{"createTime":"2020-03-30 22:36:35.0","createUser":"gujiangbo","info":"","orderFactory":"上海卫生用品有限公司","orderId":"123123123123","orderName":"卫生纸","orderPrice":34.6,"sourceId":"03122","updateTime":"2020-03-30 22:36:35.0","updateUser":"gujiangbo"}],"returnCode":"000000","returnMsg":"成功"}
2020-03-31 22:41:38.635 [ http-nio-8080-exec-7 ] - [ INFO  ] [ c.g.application.controller.SelectOrderController : 29 ] - 请求参数:{"orderId":"123123123123","sourceId":"03122"}
2020-03-31 22:41:38.636 [ http-nio-8080-exec-7 ] - [ INFO  ] [ c.g.a.m.service.impl.HttpNorthManageServiceImpl : 35 ] - 北向接口请求参数校验开始......
2020-03-31 22:41:38.636 [ http-nio-8080-exec-7 ] - [ INFO  ] [ com.gujiangbo.application.utils.SafeCheckUtils : 46 ] - 请求头部参数校验...
2020-03-31 22:41:38.636 [ http-nio-8080-exec-7 ] - [ INFO  ] [ c.g.a.m.service.impl.HttpNorthManageServiceImpl : 39 ] - 头部字段校验结果:{"returnCode":"000000","returnMsg":"请求头部校验成功"}
2020-03-31 22:41:38.637 [ http-nio-8080-exec-7 ] - [ INFO  ] [ c.g.a.m.service.impl.HttpNorthManageServiceImpl : 33 ] - 参数校验开始
2020-03-31 22:41:38.637 [ http-nio-8080-exec-7 ] - [ INFO  ] [ c.g.a.m.service.impl.HttpNorthManageServiceImpl : 60 ] - 参数校验结束
2020-03-31 22:41:38.637 [ http-nio-8080-exec-7 ] - [ INFO  ] [ c.g.a.m.service.impl.HttpNorthManageServiceImpl : 43 ] - 参数校验结果:[]
2020-03-31 22:41:38.638 [ http-nio-8080-exec-7 ] - [ INFO  ] [ c.g.a.service.Impl.SelectOrderServiceImpl : 28 ] - 开始执行数据查询......
2020-03-31 22:41:38.638 [ http-nio-8080-exec-7 ] - [ INFO  ] [ c.g.a.d.service.impl.OperateDataBaseServiceImpl : 30 ] - 数据查询请求参数:{"sourceId":"03122","orderId":"123123123123"}
2020-03-31 22:41:38.643 [ http-nio-8080-exec-7 ] - [ INFO  ] [ c.g.a.service.Impl.SelectOrderServiceImpl : 45 ] - 数据查询结束......
2020-03-31 22:41:38.643 [ http-nio-8080-exec-7 ] - [ INFO  ] [ c.g.application.controller.SelectOrderController : 40 ] - 查询结果:{"list":[{"createTime":"2020-03-30 22:36:35.0","createUser":"gujiangbo","info":"","orderFactory":"上海卫生用品有限公司","orderId":"123123123123","orderName":"卫生纸","orderPrice":34.6,"sourceId":"03122","updateTime":"2020-03-30 22:36:35.0","updateUser":"gujiangbo"}],"returnCode":"000000","returnMsg":"成功"}
2020-03-31 22:41:39.461 [ http-nio-8080-exec-8 ] - [ INFO  ] [ c.g.application.controller.SelectOrderController : 29 ] - 请求参数:{"orderId":"123123123123","sourceId":"03122"}
2020-03-31 22:41:39.461 [ http-nio-8080-exec-8 ] - [ INFO  ] [ c.g.a.m.service.impl.HttpNorthManageServiceImpl : 35 ] - 北向接口请求参数校验开始......
2020-03-31 22:41:39.462 [ http-nio-8080-exec-8 ] - [ INFO  ] [ com.gujiangbo.application.utils.SafeCheckUtils : 46 ] - 请求头部参数校验...
2020-03-31 22:41:39.462 [ http-nio-8080-exec-8 ] - [ INFO  ] [ c.g.a.m.service.impl.HttpNorthManageServiceImpl : 39 ] - 头部字段校验结果:{"returnCode":"000000","returnMsg":"请求头部校验成功"}
2020-03-31 22:41:39.462 [ http-nio-8080-exec-8 ] - [ INFO  ] [ c.g.a.m.service.impl.HttpNorthManageServiceImpl : 33 ] - 参数校验开始
2020-03-31 22:41:39.463 [ http-nio-8080-exec-8 ] - [ INFO  ] [ c.g.a.m.service.impl.HttpNorthManageServiceImpl : 60 ] - 参数校验结束
2020-03-31 22:41:39.463 [ http-nio-8080-exec-8 ] - [ INFO  ] [ c.g.a.m.service.impl.HttpNorthManageServiceImpl : 43 ] - 参数校验结果:[]
2020-03-31 22:41:39.464 [ http-nio-8080-exec-8 ] - [ INFO  ] [ c.g.a.service.Impl.SelectOrderServiceImpl : 28 ] - 开始执行数据查询......
2020-03-31 22:41:39.465 [ http-nio-8080-exec-8 ] - [ INFO  ] [ c.g.a.d.service.impl.OperateDataBaseServiceImpl : 30 ] - 数据查询请求参数:{"sourceId":"03122","orderId":"123123123123"}
2020-03-31 22:41:39.474 [ http-nio-8080-exec-8 ] - [ INFO  ] [ c.g.a.service.Impl.SelectOrderServiceImpl : 45 ] - 数据查询结束......
2020-03-31 22:41:39.475 [ http-nio-8080-exec-8 ] - [ INFO  ] [ c.g.application.controller.SelectOrderController : 40 ] - 查询结果:{"list":[{"createTime":"2020-03-30 22:36:35.0","createUser":"gujiangbo","info":"","orderFactory":"上海卫生用品有限公司","orderId":"123123123123","orderName":"卫生纸","orderPrice":34.6,"sourceId":"03122","updateTime":"2020-03-30 22:36:35.0","updateUser":"gujiangbo"}],"returnCode":"000000","returnMsg":"成功"}
2020-03-31 22:41:40.194 [ http-nio-8080-exec-9 ] - [ INFO  ] [ c.g.application.controller.SelectOrderController : 29 ] - 请求参数:{"orderId":"123123123123","sourceId":"03122"}
2020-03-31 22:41:40.195 [ http-nio-8080-exec-9 ] - [ INFO  ] [ c.g.a.m.service.impl.HttpNorthManageServiceImpl : 35 ] - 北向接口请求参数校验开始......
2020-03-31 22:41:40.195 [ http-nio-8080-exec-9 ] - [ INFO  ] [ com.gujiangbo.application.utils.SafeCheckUtils : 46 ] - 请求头部参数校验...
2020-03-31 22:41:40.195 [ http-nio-8080-exec-9 ] - [ INFO  ] [ c.g.a.m.service.impl.HttpNorthManageServiceImpl : 39 ] - 头部字段校验结果:{"returnCode":"000000","returnMsg":"请求头部校验成功"}
2020-03-31 22:41:40.196 [ http-nio-8080-exec-9 ] - [ INFO  ] [ c.g.a.m.service.impl.HttpNorthManageServiceImpl : 33 ] - 参数校验开始
2020-03-31 22:41:40.196 [ http-nio-8080-exec-9 ] - [ INFO  ] [ c.g.a.m.service.impl.HttpNorthManageServiceImpl : 60 ] - 参数校验结束
2020-03-31 22:41:40.196 [ http-nio-8080-exec-9 ] - [ INFO  ] [ c.g.a.m.service.impl.HttpNorthManageServiceImpl : 43 ] - 参数校验结果:[]
2020-03-31 22:41:40.197 [ http-nio-8080-exec-9 ] - [ INFO  ] [ c.g.a.service.Impl.SelectOrderServiceImpl : 28 ] - 开始执行数据查询......
2020-03-31 22:41:40.197 [ http-nio-8080-exec-9 ] - [ INFO  ] [ c.g.a.d.service.impl.OperateDataBaseServiceImpl : 30 ] - 数据查询请求参数:{"sourceId":"03122","orderId":"123123123123"}
2020-03-31 22:41:40.202 [ http-nio-8080-exec-9 ] - [ INFO  ] [ c.g.a.service.Impl.SelectOrderServiceImpl : 45 ] - 数据查询结束......
2020-03-31 22:41:40.202 [ http-nio-8080-exec-9 ] - [ INFO  ] [ c.g.application.controller.SelectOrderController : 40 ] - 查询结果:{"list":[{"createTime":"2020-03-30 22:36:35.0","createUser":"gujiangbo","info":"","orderFactory":"上海卫生用品有限公司","orderId":"123123123123","orderName":"卫生纸","orderPrice":34.6,"sourceId":"03122","updateTime":"2020-03-30 22:36:35.0","updateUser":"gujiangbo"}],"returnCode":"000000","returnMsg":"成功"}
2020-03-31 22:41:40.863 [ http-nio-8080-exec-10 ] - [ INFO  ] [ c.g.application.controller.SelectOrderController : 29 ] - 请求参数:{"orderId":"123123123123","sourceId":"03122"}
2020-03-31 22:41:40.864 [ http-nio-8080-exec-10 ] - [ INFO  ] [ c.g.a.m.service.impl.HttpNorthManageServiceImpl : 35 ] - 北向接口请求参数校验开始......
2020-03-31 22:41:40.864 [ http-nio-8080-exec-10 ] - [ INFO  ] [ com.gujiangbo.application.utils.SafeCheckUtils : 46 ] - 请求头部参数校验...
2020-03-31 22:41:40.864 [ http-nio-8080-exec-10 ] - [ INFO  ] [ c.g.a.m.service.impl.HttpNorthManageServiceImpl : 39 ] - 头部字段校验结果:{"returnCode":"000000","returnMsg":"请求头部校验成功"}
2020-03-31 22:41:40.865 [ http-nio-8080-exec-10 ] - [ INFO  ] [ c.g.a.m.service.impl.HttpNorthManageServiceImpl : 33 ] - 参数校验开始
2020-03-31 22:41:40.865 [ http-nio-8080-exec-10 ] - [ INFO  ] [ c.g.a.m.service.impl.HttpNorthManageServiceImpl : 60 ] - 参数校验结束
2020-03-31 22:41:40.865 [ http-nio-8080-exec-10 ] - [ INFO  ] [ c.g.a.m.service.impl.HttpNorthManageServiceImpl : 43 ] - 参数校验结果:[]
2020-03-31 22:41:40.866 [ http-nio-8080-exec-10 ] - [ INFO  ] [ c.g.a.service.Impl.SelectOrderServiceImpl : 28 ] - 开始执行数据查询......
2020-03-31 22:41:40.866 [ http-nio-8080-exec-10 ] - [ INFO  ] [ c.g.a.d.service.impl.OperateDataBaseServiceImpl : 30 ] - 数据查询请求参数:{"sourceId":"03122","orderId":"123123123123"}
2020-03-31 22:41:40.873 [ http-nio-8080-exec-10 ] - [ INFO  ] [ c.g.a.service.Impl.SelectOrderServiceImpl : 45 ] - 数据查询结束......
2020-03-31 22:41:40.875 [ http-nio-8080-exec-10 ] - [ INFO  ] [ c.g.application.controller.SelectOrderController : 40 ] - 查询结果:{"list":[{"createTime":"2020-03-30 22:36:35.0","createUser":"gujiangbo","info":"","orderFactory":"上海卫生用品有限公司","orderId":"123123123123","orderName":"卫生纸","orderPrice":34.6,"sourceId":"03122","updateTime":"2020-03-30 22:36:35.0","updateUser":"gujiangbo"}],"returnCode":"000000","returnMsg":"成功"}
2020-03-31 22:41:41.686 [ http-nio-8080-exec-1 ] - [ INFO  ] [ c.g.application.controller.SelectOrderController : 29 ] - 请求参数:{"orderId":"123123123123","sourceId":"03122"}
2020-03-31 22:41:41.689 [ http-nio-8080-exec-1 ] - [ INFO  ] [ c.g.a.m.service.impl.HttpNorthManageServiceImpl : 35 ] - 北向接口请求参数校验开始......
2020-03-31 22:41:41.690 [ http-nio-8080-exec-1 ] - [ INFO  ] [ com.gujiangbo.application.utils.SafeCheckUtils : 46 ] - 请求头部参数校验...
2020-03-31 22:41:41.690 [ http-nio-8080-exec-1 ] - [ INFO  ] [ c.g.a.m.service.impl.HttpNorthManageServiceImpl : 39 ] - 头部字段校验结果:{"returnCode":"000000","returnMsg":"请求头部校验成功"}
2020-03-31 22:41:41.693 [ http-nio-8080-exec-1 ] - [ INFO  ] [ c.g.a.m.service.impl.HttpNorthManageServiceImpl : 33 ] - 参数校验开始
2020-03-31 22:41:41.694 [ http-nio-8080-exec-1 ] - [ INFO  ] [ c.g.a.m.service.impl.HttpNorthManageServiceImpl : 60 ] - 参数校验结束
2020-03-31 22:41:41.695 [ http-nio-8080-exec-1 ] - [ INFO  ] [ c.g.a.m.service.impl.HttpNorthManageServiceImpl : 43 ] - 参数校验结果:[]
2020-03-31 22:41:41.695 [ http-nio-8080-exec-1 ] - [ INFO  ] [ c.g.a.service.Impl.SelectOrderServiceImpl : 28 ] - 开始执行数据查询......
2020-03-31 22:41:41.696 [ http-nio-8080-exec-1 ] - [ INFO  ] [ c.g.a.d.service.impl.OperateDataBaseServiceImpl : 30 ] - 数据查询请求参数:{"sourceId":"03122","orderId":"123123123123"}
2020-03-31 22:41:41.708 [ http-nio-8080-exec-1 ] - [ INFO  ] [ c.g.a.service.Impl.SelectOrderServiceImpl : 45 ] - 数据查询结束......
2020-03-31 22:41:41.710 [ http-nio-8080-exec-1 ] - [ INFO  ] [ c.g.application.controller.SelectOrderController : 40 ] - 查询结果:{"list":[{"createTime":"2020-03-30 22:36:35.0","createUser":"gujiangbo","info":"","orderFactory":"上海卫生用品有限公司","orderId":"123123123123","orderName":"卫生纸","orderPrice":34.6,"sourceId":"03122","updateTime":"2020-03-30 22:36:35.0","updateUser":"gujiangbo"}],"returnCode":"000000","returnMsg":"成功"}
2020-03-31 22:41:42.382 [ http-nio-8080-exec-2 ] - [ INFO  ] [ c.g.application.controller.SelectOrderController : 29 ] - 请求参数:{"orderId":"123123123123","sourceId":"03122"}
2020-03-31 22:41:42.383 [ http-nio-8080-exec-2 ] - [ INFO  ] [ c.g.a.m.service.impl.HttpNorthManageServiceImpl : 35 ] - 北向接口请求参数校验开始......
2020-03-31 22:41:42.383 [ http-nio-8080-exec-2 ] - [ INFO  ] [ com.gujiangbo.application.utils.SafeCheckUtils : 46 ] - 请求头部参数校验...
2020-03-31 22:41:42.384 [ http-nio-8080-exec-2 ] - [ INFO  ] [ c.g.a.m.service.impl.HttpNorthManageServiceImpl : 39 ] - 头部字段校验结果:{"returnCode":"000000","returnMsg":"请求头部校验成功"}
2020-03-31 22:41:42.384 [ http-nio-8080-exec-2 ] - [ INFO  ] [ c.g.a.m.service.impl.HttpNorthManageServiceImpl : 33 ] - 参数校验开始
2020-03-31 22:41:42.385 [ http-nio-8080-exec-2 ] - [ INFO  ] [ c.g.a.m.service.impl.HttpNorthManageServiceImpl : 60 ] - 参数校验结束
2020-03-31 22:41:42.386 [ http-nio-8080-exec-2 ] - [ INFO  ] [ c.g.a.m.service.impl.HttpNorthManageServiceImpl : 43 ] - 参数校验结果:[]
2020-03-31 22:41:42.386 [ http-nio-8080-exec-2 ] - [ INFO  ] [ c.g.a.service.Impl.SelectOrderServiceImpl : 28 ] - 开始执行数据查询......
2020-03-31 22:41:42.387 [ http-nio-8080-exec-2 ] - [ INFO  ] [ c.g.a.d.service.impl.OperateDataBaseServiceImpl : 30 ] - 数据查询请求参数:{"sourceId":"03122","orderId":"123123123123"}
2020-03-31 22:41:42.395 [ http-nio-8080-exec-2 ] - [ INFO  ] [ c.g.a.service.Impl.SelectOrderServiceImpl : 45 ] - 数据查询结束......
2020-03-31 22:41:42.395 [ http-nio-8080-exec-2 ] - [ INFO  ] [ c.g.application.controller.SelectOrderController : 40 ] - 查询结果:{"list":[{"createTime":"2020-03-30 22:36:35.0","createUser":"gujiangbo","info":"","orderFactory":"上海卫生用品有限公司","orderId":"123123123123","orderName":"卫生纸","orderPrice":34.6,"sourceId":"03122","updateTime":"2020-03-30 22:36:35.0","updateUser":"gujiangbo"}],"returnCode":"000000","returnMsg":"成功"}
2020-03-31 22:41:43.162 [ http-nio-8080-exec-3 ] - [ INFO  ] [ c.g.application.controller.SelectOrderController : 29 ] - 请求参数:{"orderId":"123123123123","sourceId":"03122"}
2020-03-31 22:41:43.162 [ http-nio-8080-exec-3 ] - [ INFO  ] [ c.g.a.m.service.impl.HttpNorthManageServiceImpl : 35 ] - 北向接口请求参数校验开始......
2020-03-31 22:41:43.163 [ http-nio-8080-exec-3 ] - [ INFO  ] [ com.gujiangbo.application.utils.SafeCheckUtils : 46 ] - 请求头部参数校验...
2020-03-31 22:41:43.163 [ http-nio-8080-exec-3 ] - [ INFO  ] [ c.g.a.m.service.impl.HttpNorthManageServiceImpl : 39 ] - 头部字段校验结果:{"returnCode":"000000","returnMsg":"请求头部校验成功"}
2020-03-31 22:41:43.163 [ http-nio-8080-exec-3 ] - [ INFO  ] [ c.g.a.m.service.impl.HttpNorthManageServiceImpl : 33 ] - 参数校验开始
2020-03-31 22:41:43.163 [ http-nio-8080-exec-3 ] - [ INFO  ] [ c.g.a.m.service.impl.HttpNorthManageServiceImpl : 60 ] - 参数校验结束
2020-03-31 22:41:43.164 [ http-nio-8080-exec-3 ] - [ INFO  ] [ c.g.a.m.service.impl.HttpNorthManageServiceImpl : 43 ] - 参数校验结果:[]
2020-03-31 22:41:43.164 [ http-nio-8080-exec-3 ] - [ INFO  ] [ c.g.a.service.Impl.SelectOrderServiceImpl : 28 ] - 开始执行数据查询......
2020-03-31 22:41:43.164 [ http-nio-8080-exec-3 ] - [ INFO  ] [ c.g.a.d.service.impl.OperateDataBaseServiceImpl : 30 ] - 数据查询请求参数:{"sourceId":"03122","orderId":"123123123123"}
2020-03-31 22:41:43.170 [ http-nio-8080-exec-3 ] - [ INFO  ] [ c.g.a.service.Impl.SelectOrderServiceImpl : 45 ] - 数据查询结束......
2020-03-31 22:41:43.171 [ http-nio-8080-exec-3 ] - [ INFO  ] [ c.g.application.controller.SelectOrderController : 40 ] - 查询结果:{"list":[{"createTime":"2020-03-30 22:36:35.0","createUser":"gujiangbo","info":"","orderFactory":"上海卫生用品有限公司","orderId":"123123123123","orderName":"卫生纸","orderPrice":34.6,"sourceId":"03122","updateTime":"2020-03-30 22:36:35.0","updateUser":"gujiangbo"}],"returnCode":"000000","returnMsg":"成功"}
2020-03-31 22:41:43.924 [ http-nio-8080-exec-4 ] - [ INFO  ] [ c.g.application.controller.SelectOrderController : 29 ] - 请求参数:{"orderId":"123123123123","sourceId":"03122"}
2020-03-31 22:41:43.925 [ http-nio-8080-exec-4 ] - [ INFO  ] [ c.g.a.m.service.impl.HttpNorthManageServiceImpl : 35 ] - 北向接口请求参数校验开始......
2020-03-31 22:41:43.925 [ http-nio-8080-exec-4 ] - [ INFO  ] [ com.gujiangbo.application.utils.SafeCheckUtils : 46 ] - 请求头部参数校验...
2020-03-31 22:41:43.925 [ http-nio-8080-exec-4 ] - [ INFO  ] [ c.g.a.m.service.impl.HttpNorthManageServiceImpl : 39 ] - 头部字段校验结果:{"returnCode":"000000","returnMsg":"请求头部校验成功"}
2020-03-31 22:41:43.926 [ http-nio-8080-exec-4 ] - [ INFO  ] [ c.g.a.m.service.impl.HttpNorthManageServiceImpl : 33 ] - 参数校验开始
2020-03-31 22:41:43.926 [ http-nio-8080-exec-4 ] - [ INFO  ] [ c.g.a.m.service.impl.HttpNorthManageServiceImpl : 60 ] - 参数校验结束
2020-03-31 22:41:43.927 [ http-nio-8080-exec-4 ] - [ INFO  ] [ c.g.a.m.service.impl.HttpNorthManageServiceImpl : 43 ] - 参数校验结果:[]
2020-03-31 22:41:43.927 [ http-nio-8080-exec-4 ] - [ INFO  ] [ c.g.a.service.Impl.SelectOrderServiceImpl : 28 ] - 开始执行数据查询......
2020-03-31 22:41:43.927 [ http-nio-8080-exec-4 ] - [ INFO  ] [ c.g.a.d.service.impl.OperateDataBaseServiceImpl : 30 ] - 数据查询请求参数:{"sourceId":"03122","orderId":"123123123123"}
2020-03-31 22:41:43.932 [ http-nio-8080-exec-4 ] - [ INFO  ] [ c.g.a.service.Impl.SelectOrderServiceImpl : 45 ] - 数据查询结束......
2020-03-31 22:41:43.933 [ http-nio-8080-exec-4 ] - [ INFO  ] [ c.g.application.controller.SelectOrderController : 40 ] - 查询结果:{"list":[{"createTime":"2020-03-30 22:36:35.0","createUser":"gujiangbo","info":"","orderFactory":"上海卫生用品有限公司","orderId":"123123123123","orderName":"卫生纸","orderPrice":34.6,"sourceId":"03122","updateTime":"2020-03-30 22:36:35.0","updateUser":"gujiangbo"}],"returnCode":"000000","returnMsg":"成功"}
2020-03-31 22:41:44.801 [ http-nio-8080-exec-5 ] - [ INFO  ] [ c.g.application.controller.SelectOrderController : 29 ] - 请求参数:{"orderId":"123123123123","sourceId":"03122"}
2020-03-31 22:41:44.802 [ http-nio-8080-exec-5 ] - [ INFO  ] [ c.g.a.m.service.impl.HttpNorthManageServiceImpl : 35 ] - 北向接口请求参数校验开始......
2020-03-31 22:41:44.802 [ http-nio-8080-exec-5 ] - [ INFO  ] [ com.gujiangbo.application.utils.SafeCheckUtils : 46 ] - 请求头部参数校验...
2020-03-31 22:41:44.803 [ http-nio-8080-exec-5 ] - [ INFO  ] [ c.g.a.m.service.impl.HttpNorthManageServiceImpl : 39 ] - 头部字段校验结果:{"returnCode":"000000","returnMsg":"请求头部校验成功"}
2020-03-31 22:41:44.803 [ http-nio-8080-exec-5 ] - [ INFO  ] [ c.g.a.m.service.impl.HttpNorthManageServiceImpl : 33 ] - 参数校验开始
2020-03-31 22:41:44.803 [ http-nio-8080-exec-5 ] - [ INFO  ] [ c.g.a.m.service.impl.HttpNorthManageServiceImpl : 60 ] - 参数校验结束
2020-03-31 22:41:44.804 [ http-nio-8080-exec-5 ] - [ INFO  ] [ c.g.a.m.service.impl.HttpNorthManageServiceImpl : 43 ] - 参数校验结果:[]
2020-03-31 22:41:44.804 [ http-nio-8080-exec-5 ] - [ INFO  ] [ c.g.a.service.Impl.SelectOrderServiceImpl : 28 ] - 开始执行数据查询......
2020-03-31 22:41:44.805 [ http-nio-8080-exec-5 ] - [ INFO  ] [ c.g.a.d.service.impl.OperateDataBaseServiceImpl : 30 ] - 数据查询请求参数:{"sourceId":"03122","orderId":"123123123123"}
2020-03-31 22:41:44.814 [ http-nio-8080-exec-5 ] - [ INFO  ] [ c.g.a.service.Impl.SelectOrderServiceImpl : 45 ] - 数据查询结束......
2020-03-31 22:41:44.814 [ http-nio-8080-exec-5 ] - [ INFO  ] [ c.g.application.controller.SelectOrderController : 40 ] - 查询结果:{"list":[{"createTime":"2020-03-30 22:36:35.0","createUser":"gujiangbo","info":"","orderFactory":"上海卫生用品有限公司","orderId":"123123123123","orderName":"卫生纸","orderPrice":34.6,"sourceId":"03122","updateTime":"2020-03-30 22:36:35.0","updateUser":"gujiangbo"}],"returnCode":"000000","returnMsg":"成功"}
2020-03-31 22:41:45.587 [ http-nio-8080-exec-6 ] - [ INFO  ] [ c.g.application.controller.SelectOrderController : 29 ] - 请求参数:{"orderId":"123123123123","sourceId":"03122"}
2020-03-31 22:41:45.588 [ http-nio-8080-exec-6 ] - [ INFO  ] [ c.g.a.m.service.impl.HttpNorthManageServiceImpl : 35 ] - 北向接口请求参数校验开始......
2020-03-31 22:41:45.589 [ http-nio-8080-exec-6 ] - [ INFO  ] [ com.gujiangbo.application.utils.SafeCheckUtils : 46 ] - 请求头部参数校验...
2020-03-31 22:41:45.589 [ http-nio-8080-exec-6 ] - [ INFO  ] [ c.g.a.m.service.impl.HttpNorthManageServiceImpl : 39 ] - 头部字段校验结果:{"returnCode":"000000","returnMsg":"请求头部校验成功"}
2020-03-31 22:41:45.589 [ http-nio-8080-exec-6 ] - [ INFO  ] [ c.g.a.m.service.impl.HttpNorthManageServiceImpl : 33 ] - 参数校验开始
2020-03-31 22:41:45.590 [ http-nio-8080-exec-6 ] - [ INFO  ] [ c.g.a.m.service.impl.HttpNorthManageServiceImpl : 60 ] - 参数校验结束
2020-03-31 22:41:45.590 [ http-nio-8080-exec-6 ] - [ INFO  ] [ c.g.a.m.service.impl.HttpNorthManageServiceImpl : 43 ] - 参数校验结果:[]
2020-03-31 22:41:45.591 [ http-nio-8080-exec-6 ] - [ INFO  ] [ c.g.a.service.Impl.SelectOrderServiceImpl : 28 ] - 开始执行数据查询......
2020-03-31 22:41:45.591 [ http-nio-8080-exec-6 ] - [ INFO  ] [ c.g.a.d.service.impl.OperateDataBaseServiceImpl : 30 ] - 数据查询请求参数:{"sourceId":"03122","orderId":"123123123123"}
2020-03-31 22:41:45.596 [ http-nio-8080-exec-6 ] - [ INFO  ] [ c.g.a.service.Impl.SelectOrderServiceImpl : 45 ] - 数据查询结束......
2020-03-31 22:41:45.597 [ http-nio-8080-exec-6 ] - [ INFO  ] [ c.g.application.controller.SelectOrderController : 40 ] - 查询结果:{"list":[{"createTime":"2020-03-30 22:36:35.0","createUser":"gujiangbo","info":"","orderFactory":"上海卫生用品有限公司","orderId":"123123123123","orderName":"卫生纸","orderPrice":34.6,"sourceId":"03122","updateTime":"2020-03-30 22:36:35.0","updateUser":"gujiangbo"}],"returnCode":"000000","returnMsg":"成功"}
2020-03-31 22:41:46.397 [ http-nio-8080-exec-7 ] - [ INFO  ] [ c.g.application.controller.SelectOrderController : 29 ] - 请求参数:{"orderId":"123123123123","sourceId":"03122"}
2020-03-31 22:41:46.399 [ http-nio-8080-exec-7 ] - [ INFO  ] [ c.g.a.m.service.impl.HttpNorthManageServiceImpl : 35 ] - 北向接口请求参数校验开始......
2020-03-31 22:41:46.400 [ http-nio-8080-exec-7 ] - [ INFO  ] [ com.gujiangbo.application.utils.SafeCheckUtils : 46 ] - 请求头部参数校验...
2020-03-31 22:41:46.401 [ http-nio-8080-exec-7 ] - [ INFO  ] [ c.g.a.m.service.impl.HttpNorthManageServiceImpl : 39 ] - 头部字段校验结果:{"returnCode":"000000","returnMsg":"请求头部校验成功"}
2020-03-31 22:41:46.401 [ http-nio-8080-exec-7 ] - [ INFO  ] [ c.g.a.m.service.impl.HttpNorthManageServiceImpl : 33 ] - 参数校验开始
2020-03-31 22:41:46.401 [ http-nio-8080-exec-7 ] - [ INFO  ] [ c.g.a.m.service.impl.HttpNorthManageServiceImpl : 60 ] - 参数校验结束
2020-03-31 22:41:46.402 [ http-nio-8080-exec-7 ] - [ INFO  ] [ c.g.a.m.service.impl.HttpNorthManageServiceImpl : 43 ] - 参数校验结果:[]
2020-03-31 22:41:46.402 [ http-nio-8080-exec-7 ] - [ INFO  ] [ c.g.a.service.Impl.SelectOrderServiceImpl : 28 ] - 开始执行数据查询......
2020-03-31 22:41:46.402 [ http-nio-8080-exec-7 ] - [ INFO  ] [ c.g.a.d.service.impl.OperateDataBaseServiceImpl : 30 ] - 数据查询请求参数:{"sourceId":"03122","orderId":"123123123123"}
2020-03-31 22:41:46.408 [ http-nio-8080-exec-7 ] - [ INFO  ] [ c.g.a.service.Impl.SelectOrderServiceImpl : 45 ] - 数据查询结束......
2020-03-31 22:41:46.409 [ http-nio-8080-exec-7 ] - [ INFO  ] [ c.g.application.controller.SelectOrderController : 40 ] - 查询结果:{"list":[{"createTime":"2020-03-30 22:36:35.0","createUser":"gujiangbo","info":"","orderFactory":"上海卫生用品有限公司","orderId":"123123123123","orderName":"卫生纸","orderPrice":34.6,"sourceId":"03122","updateTime":"2020-03-30 22:36:35.0","updateUser":"gujiangbo"}],"returnCode":"000000","returnMsg":"成功"}
2020-03-31 22:41:47.111 [ http-nio-8080-exec-8 ] - [ INFO  ] [ c.g.application.controller.SelectOrderController : 29 ] - 请求参数:{"orderId":"123123123123","sourceId":"03122"}
2020-03-31 22:41:47.111 [ http-nio-8080-exec-8 ] - [ INFO  ] [ c.g.a.m.service.impl.HttpNorthManageServiceImpl : 35 ] - 北向接口请求参数校验开始......
2020-03-31 22:41:47.112 [ http-nio-8080-exec-8 ] - [ INFO  ] [ com.gujiangbo.application.utils.SafeCheckUtils : 46 ] - 请求头部参数校验...
2020-03-31 22:41:47.113 [ http-nio-8080-exec-8 ] - [ INFO  ] [ c.g.a.m.service.impl.HttpNorthManageServiceImpl : 39 ] - 头部字段校验结果:{"returnCode":"000000","returnMsg":"请求头部校验成功"}
2020-03-31 22:41:47.113 [ http-nio-8080-exec-8 ] - [ INFO  ] [ c.g.a.m.service.impl.HttpNorthManageServiceImpl : 33 ] - 参数校验开始
2020-03-31 22:41:47.113 [ http-nio-8080-exec-8 ] - [ INFO  ] [ c.g.a.m.service.impl.HttpNorthManageServiceImpl : 60 ] - 参数校验结束
2020-03-31 22:41:47.113 [ http-nio-8080-exec-8 ] - [ INFO  ] [ c.g.a.m.service.impl.HttpNorthManageServiceImpl : 43 ] - 参数校验结果:[]
2020-03-31 22:41:47.114 [ http-nio-8080-exec-8 ] - [ INFO  ] [ c.g.a.service.Impl.SelectOrderServiceImpl : 28 ] - 开始执行数据查询......
2020-03-31 22:41:47.115 [ http-nio-8080-exec-8 ] - [ INFO  ] [ c.g.a.d.service.impl.OperateDataBaseServiceImpl : 30 ] - 数据查询请求参数:{"sourceId":"03122","orderId":"123123123123"}
2020-03-31 22:41:47.131 [ http-nio-8080-exec-8 ] - [ INFO  ] [ c.g.a.service.Impl.SelectOrderServiceImpl : 45 ] - 数据查询结束......
2020-03-31 22:41:47.132 [ http-nio-8080-exec-8 ] - [ INFO  ] [ c.g.application.controller.SelectOrderController : 40 ] - 查询结果:{"list":[{"createTime":"2020-03-30 22:36:35.0","createUser":"gujiangbo","info":"","orderFactory":"上海卫生用品有限公司","orderId":"123123123123","orderName":"卫生纸","orderPrice":34.6,"sourceId":"03122","updateTime":"2020-03-30 22:36:35.0","updateUser":"gujiangbo"}],"returnCode":"000000","returnMsg":"成功"}
